{
  "stats": {
    "suites": 21,
    "tests": 49,
    "passes": 49,
    "pending": 0,
    "failures": 0,
    "start": "2023-02-22T07:16:01.316Z",
    "end": "2023-02-22T07:17:41.203Z",
    "duration": 53135,
    "testsRegistered": 49,
    "passPercent": 100,
    "pendingPercent": 0,
    "other": 0,
    "hasOther": false,
    "skipped": 0,
    "hasSkipped": false
  },
  "results": [
    {
      "uuid": "c273cbb0-073f-4283-8dac-be4d96b93d41",
      "title": "",
      "fullFile": "cypress\\e2e\\automation-test-store\\alias-invoke.js",
      "file": "cypress\\e2e\\automation-test-store\\alias-invoke.js",
      "beforeHooks": [],
      "afterHooks": [],
      "tests": [],
      "suites": [
        {
          "uuid": "1e0218ce-6f5a-4c70-91dc-c6509e88b871",
          "title": "Alias and invoke",
          "fullFile": "",
          "file": "",
          "beforeHooks": [],
          "afterHooks": [],
          "tests": [
            {
              "title": "Calculate total of normal and sale products",
              "fullTitle": "Alias and invoke Calculate total of normal and sale products",
              "timedOut": null,
              "duration": 1415,
              "state": "passed",
              "speed": "fast",
              "pass": true,
              "fail": false,
              "pending": false,
              "context": null,
              "code": "cy.visit(\"https://automationteststore.com/\");\ncy.get(\".thumbnail\").as('productThumbnail');\n// cy.get('@productThumbnail').find('.oneprice').each(($el, index, $list) => {\n//     cy.log($el.text());\n// });\ncy.get('.thumbnail').find('.oneprice').invoke('text').as('itemPrice');\ncy.get('.thumbnail').find('.pricenew').invoke('text').as('saleItemPrice');\nvar itemsTotal = 0;\ncy.get('@itemPrice').then($linkText => {\n  var itemPriceTotal = 0;\n  var itemPrice = $linkText.split('$');\n  var i;\n  for (i = 0; i < itemPrice.length; i++) {\n    cy.log(itemPrice[i]);\n    itemPriceTotal += Number(itemPrice[i]);\n  }\n  itemsTotal += itemPriceTotal;\n  cy.log(\"Non sale price items total: \" + itemPriceTotal);\n});\ncy.get('@saleItemPrice').then($linkText => {\n  var saleItemsPrice = 0;\n  var saleItemPrice = $linkText.split('$');\n  var i;\n  for (i = 0; i < saleItemPrice.length; i++) {\n    cy.log(saleItemPrice[i]);\n    saleItemsPrice += Number(saleItemPrice[i]);\n  }\n  itemsTotal += saleItemsPrice;\n  cy.log(\"Sale price items total: \" + saleItemsPrice);\n}).then(() => {\n  cy.log(\"The total price of all products: \" + itemsTotal);\n  expect(itemsTotal).to.equal(669);\n});",
              "err": {},
              "uuid": "bfa94ce9-29c4-4545-bcef-9642f0623aaa",
              "parentUUID": "1e0218ce-6f5a-4c70-91dc-c6509e88b871",
              "isHook": false,
              "skipped": false
            }
          ],
          "suites": [],
          "passes": [
            "bfa94ce9-29c4-4545-bcef-9642f0623aaa"
          ],
          "failures": [],
          "pending": [],
          "skipped": [],
          "duration": 1415,
          "root": false,
          "rootEmpty": false,
          "_timeout": 2000
        }
      ],
      "passes": [],
      "failures": [],
      "pending": [],
      "skipped": [],
      "duration": 0,
      "root": true,
      "rootEmpty": true,
      "_timeout": 2000
    },
    {
      "uuid": "0ed012b3-1591-4f00-937b-bae029553991",
      "title": "",
      "fullFile": "cypress\\e2e\\automation-test-store\\contact-us.js",
      "file": "cypress\\e2e\\automation-test-store\\contact-us.js",
      "beforeHooks": [],
      "afterHooks": [],
      "tests": [],
      "suites": [
        {
          "uuid": "3463e5fd-1eb9-4a54-bae1-8a565b9cb431",
          "title": "Test Contact Us form via Automation Test Store",
          "fullFile": "",
          "file": "",
          "beforeHooks": [],
          "afterHooks": [],
          "tests": [
            {
              "title": "Should be able to submit a successful submission via contact us form",
              "fullTitle": "Test Contact Us form via Automation Test Store Should be able to submit a successful submission via contact us form",
              "timedOut": null,
              "duration": 4999,
              "state": "passed",
              "speed": "fast",
              "pass": true,
              "fail": false,
              "pending": false,
              "context": null,
              "code": "cy.visit('https://www.automationteststore.com/');\ncy.get(\"a[href$='contact']\").click().then(function (linkText) {\n  cy.log(\"Clicked on link using text: \" + linkText.text());\n});\ncy.get(\"@user\").then(user => {\n  cy.get('#ContactUsFrm_first_name').type(user.first_name);\n  cy.get('#ContactUsFrm_email').type(user.email);\n});\ncy.get('#ContactUsFrm_email').should('have.attr', 'name', 'email');\ncy.get('#ContactUsFrm_enquiry').type(\"Do you provide additional discount on bulk orders?\");\ncy.get('button[title=\"Submit\"]').click();\ncy.get('.mb40 > :nth-child(3)').should('have.text', 'Your enquiry has been successfully sent to the store owner!');\ncy.log(\"Test has completed\");",
              "err": {},
              "uuid": "f12a73c2-bd81-4da5-ad0c-6d1875281e5a",
              "parentUUID": "3463e5fd-1eb9-4a54-bae1-8a565b9cb431",
              "isHook": false,
              "skipped": false
            }
          ],
          "suites": [],
          "passes": [
            "f12a73c2-bd81-4da5-ad0c-6d1875281e5a"
          ],
          "failures": [],
          "pending": [],
          "skipped": [],
          "duration": 4999,
          "root": false,
          "rootEmpty": false,
          "_timeout": 2000
        }
      ],
      "passes": [],
      "failures": [],
      "pending": [],
      "skipped": [],
      "duration": 0,
      "root": true,
      "rootEmpty": true,
      "_timeout": 2000
    },
    {
      "uuid": "0855e05d-f1c0-49a3-b42a-0e81941c7f44",
      "title": "",
      "fullFile": "cypress\\e2e\\automation-test-store\\inspect-item.js",
      "file": "cypress\\e2e\\automation-test-store\\inspect-item.js",
      "beforeHooks": [],
      "afterHooks": [],
      "tests": [],
      "suites": [
        {
          "uuid": "f277d3d7-8139-415c-96c6-03d67ebfcef4",
          "title": "Inspect Automation Test Store items using chain of commands",
          "fullFile": "",
          "file": "",
          "beforeHooks": [],
          "afterHooks": [],
          "tests": [
            {
              "title": "Click on the first item using item text",
              "fullTitle": "Inspect Automation Test Store items using chain of commands Click on the first item using item text",
              "timedOut": null,
              "duration": 2725,
              "state": "passed",
              "speed": "fast",
              "pass": true,
              "fail": false,
              "pending": false,
              "context": null,
              "code": "cy.visit('https://www.automationteststore.com/');\ncy.get('.prdocutname').contains('Skinsheen Bronzer Stick').click().then(function (itemHeaderText) {\n  console.log(\"Selected the following item: \" + itemHeaderText.text());\n});",
              "err": {},
              "uuid": "02631011-b33b-47ac-a772-f6417bab1b97",
              "parentUUID": "f277d3d7-8139-415c-96c6-03d67ebfcef4",
              "isHook": false,
              "skipped": false
            }
          ],
          "suites": [],
          "passes": [
            "02631011-b33b-47ac-a772-f6417bab1b97"
          ],
          "failures": [],
          "pending": [],
          "skipped": [],
          "duration": 2725,
          "root": false,
          "rootEmpty": false,
          "_timeout": 2000
        }
      ],
      "passes": [],
      "failures": [],
      "pending": [],
      "skipped": [],
      "duration": 0,
      "root": true,
      "rootEmpty": true,
      "_timeout": 2000
    },
    {
      "uuid": "70604fae-773b-4275-830b-bee641b9df5e",
      "title": "",
      "fullFile": "cypress\\e2e\\automation-test-store\\iterate-over-elements.js",
      "file": "cypress\\e2e\\automation-test-store\\iterate-over-elements.js",
      "beforeHooks": [],
      "afterHooks": [],
      "tests": [],
      "suites": [
        {
          "uuid": "fb86a4c7-df55-4ef4-a263-59c5589584d0",
          "title": "Iterate over elements",
          "fullFile": "",
          "file": "",
          "beforeHooks": [],
          "afterHooks": [],
          "tests": [
            {
              "title": "Add another specific product to basket",
              "fullTitle": "Iterate over elements Add another specific product to basket",
              "timedOut": null,
              "duration": 2500,
              "state": "passed",
              "speed": "fast",
              "pass": true,
              "fail": false,
              "pending": false,
              "context": null,
              "code": "cy.selectProduct('Eau Parfumee au The Vert Shampoo');",
              "err": {},
              "uuid": "ee589460-bc9f-4a4e-8e89-f20d676b2d7e",
              "parentUUID": "fb86a4c7-df55-4ef4-a263-59c5589584d0",
              "isHook": false,
              "skipped": false
            }
          ],
          "suites": [],
          "passes": [
            "ee589460-bc9f-4a4e-8e89-f20d676b2d7e"
          ],
          "failures": [],
          "pending": [],
          "skipped": [],
          "duration": 2500,
          "root": false,
          "rootEmpty": false,
          "_timeout": 2000
        }
      ],
      "passes": [],
      "failures": [],
      "pending": [],
      "skipped": [],
      "duration": 0,
      "root": true,
      "rootEmpty": true,
      "_timeout": 2000
    },
    {
      "uuid": "4a27a94b-747b-4b56-8270-14924c998d4e",
      "title": "",
      "fullFile": "cypress\\e2e\\automation-test-store\\variables-and-cy-commands.js",
      "file": "cypress\\e2e\\automation-test-store\\variables-and-cy-commands.js",
      "beforeHooks": [],
      "afterHooks": [],
      "tests": [],
      "suites": [
        {
          "uuid": "4ca0fb8b-dff9-42ec-bf1f-0d80cabf97ce",
          "title": "Verifying variables, cypress commands and jquery commands",
          "fullFile": "",
          "file": "",
          "beforeHooks": [],
          "afterHooks": [],
          "tests": [
            {
              "title": "Validate properties of the Contact us page",
              "fullTitle": "Verifying variables, cypress commands and jquery commands Validate properties of the Contact us page",
              "timedOut": null,
              "duration": 1118,
              "state": "passed",
              "speed": "fast",
              "pass": true,
              "fail": false,
              "pending": false,
              "context": null,
              "code": "cy.visit(\"https://automationteststore.com/index.php?rt=content/contact\");\n// Uses cypress commands and chaining\ncy.contains('#ContactUsFrm', 'Contact Us Form').find('#field_11').should('contain', 'First name:');\n// JQuery Approach\ncy.contains('#ContactUsFrm', 'Contact Us Form').then(text => {\n  const firstNameText = text.find('#field_11').text();\n  expect(firstNameText).to.contain('First name:');\n  // Embedded commands (Closure)\n  cy.get(\"#field_11\").then(fnText => {\n    cy.log(fnText.text());\n    cy.log(fnText);\n  });\n});",
              "err": {},
              "uuid": "fab697da-8f3b-4231-be1a-4a97043c8d7e",
              "parentUUID": "4ca0fb8b-dff9-42ec-bf1f-0d80cabf97ce",
              "isHook": false,
              "skipped": false
            }
          ],
          "suites": [],
          "passes": [
            "fab697da-8f3b-4231-be1a-4a97043c8d7e"
          ],
          "failures": [],
          "pending": [],
          "skipped": [],
          "duration": 1118,
          "root": false,
          "rootEmpty": false,
          "_timeout": 2000
        }
      ],
      "passes": [],
      "failures": [],
      "pending": [],
      "skipped": [],
      "duration": 0,
      "root": true,
      "rootEmpty": true,
      "_timeout": 2000
    },
    {
      "uuid": "74faaab6-68ac-4664-9702-081b45b0e575",
      "title": "",
      "fullFile": "cypress\\e2e\\webdriver-uni\\autocomplete-dropdown-list.js",
      "file": "cypress\\e2e\\webdriver-uni\\autocomplete-dropdown-list.js",
      "beforeHooks": [],
      "afterHooks": [],
      "tests": [],
      "suites": [
        {
          "uuid": "a1ce42a1-ff9a-4269-ab53-e3dd943aec7f",
          "title": "Verify autocomplete dropdown lists via WebdriverUni",
          "fullFile": "",
          "file": "",
          "beforeHooks": [],
          "afterHooks": [],
          "tests": [
            {
              "title": "Select specific product via autocomplete list",
              "fullTitle": "Verify autocomplete dropdown lists via WebdriverUni Select specific product via autocomplete list",
              "timedOut": null,
              "duration": 2546,
              "state": "passed",
              "speed": "fast",
              "pass": true,
              "fail": false,
              "pending": false,
              "context": null,
              "code": "cy.visit(\"/\");\ncy.get(\"#autocomplete-textfield\").invoke('removeAttr', 'target').click({\n  force: true\n});\ncy.get(\"#myInput\").type('A');\ncy.get(\"#myInputautocomplete-list > *\").each(($el, index, $list) => {\n  const prod = $el.text();\n  const productToSelect = 'Avacado';\n  const productToSelect2 = 'Grapes';\n  if (prod === productToSelect) {\n    // $el.click(); // deprecated\n    $el.trigger(\"click\");\n    cy.get(\"#submit-button\").click();\n    cy.url().should('include', productToSelect);\n  }\n}).then(() => {\n  cy.get(\"#myInput\").type('G');\n  cy.get(\"#myInputautocomplete-list > *\").each(($el, index, $list) => {\n    const prod = $el.text();\n    const productToSelect = 'Grapes';\n    if (prod === productToSelect) {\n      // $el.click(); // deprecated\n      $el.trigger(\"click\");\n      cy.get(\"#submit-button\").click();\n      cy.url().should('include', productToSelect);\n    }\n  });\n});",
              "err": {},
              "uuid": "9f3277f1-5340-4500-acfd-ef12ae9289d7",
              "parentUUID": "a1ce42a1-ff9a-4269-ab53-e3dd943aec7f",
              "isHook": false,
              "skipped": false
            }
          ],
          "suites": [],
          "passes": [
            "9f3277f1-5340-4500-acfd-ef12ae9289d7"
          ],
          "failures": [],
          "pending": [],
          "skipped": [],
          "duration": 2546,
          "root": false,
          "rootEmpty": false,
          "_timeout": 2000
        }
      ],
      "passes": [],
      "failures": [],
      "pending": [],
      "skipped": [],
      "duration": 0,
      "root": true,
      "rootEmpty": true,
      "_timeout": 2000
    },
    {
      "uuid": "ed87bfaa-4ddd-41b5-a08f-d7fd33e26ea7",
      "title": "",
      "fullFile": "cypress\\e2e\\webdriver-uni\\browser-navigation.js",
      "file": "cypress\\e2e\\webdriver-uni\\browser-navigation.js",
      "beforeHooks": [],
      "afterHooks": [],
      "tests": [],
      "suites": [
        {
          "uuid": "c3182914-8b11-4a34-b308-ae80bae68f8d",
          "title": "Validate webdriveruni homepage links",
          "fullFile": "",
          "file": "",
          "beforeHooks": [],
          "afterHooks": [],
          "tests": [
            {
              "title": "Confirm links redirect to the correct pages",
              "fullTitle": "Validate webdriveruni homepage links Confirm links redirect to the correct pages",
              "timedOut": null,
              "duration": 4139,
              "state": "passed",
              "speed": "fast",
              "pass": true,
              "fail": false,
              "pending": false,
              "context": null,
              "code": "cy.visit(\"/\");\ncy.get(\"#contact-us\").invoke('removeAttr', 'target').click({\n  force: true\n});\ncy.url().should('include', 'contactus');\ncy.go('back');\ncy.reload();\ncy.url().should('include', 'http://www.webdriveruniversity.com/');\n// cy.reload(true); // reload without using cache\ncy.go('forward');\ncy.url().should('include', 'contactus');\ncy.go('back');\ncy.get(\"#login-portal\").invoke('removeAttr', 'target').click({\n  force: true\n});\ncy.url().should('include', 'Login-Portal');\ncy.go('back');\ncy.get(\"#to-do-list\").invoke('removeAttr', 'target').click({\n  force: true\n});\ncy.url().should('include', 'To-Do-List');\ncy.go('back');",
              "err": {},
              "uuid": "25a7e4a3-ca5f-4270-84b8-f0ca17f0df19",
              "parentUUID": "c3182914-8b11-4a34-b308-ae80bae68f8d",
              "isHook": false,
              "skipped": false
            }
          ],
          "suites": [],
          "passes": [
            "25a7e4a3-ca5f-4270-84b8-f0ca17f0df19"
          ],
          "failures": [],
          "pending": [],
          "skipped": [],
          "duration": 4139,
          "root": false,
          "rootEmpty": false,
          "_timeout": 2000
        }
      ],
      "passes": [],
      "failures": [],
      "pending": [],
      "skipped": [],
      "duration": 0,
      "root": true,
      "rootEmpty": true,
      "_timeout": 2000
    },
    {
      "uuid": "03299c56-65df-4c52-92c0-e36b479c5c9b",
      "title": "",
      "fullFile": "cypress\\e2e\\webdriver-uni\\checkboxes.js",
      "file": "cypress\\e2e\\webdriver-uni\\checkboxes.js",
      "beforeHooks": [],
      "afterHooks": [],
      "tests": [],
      "suites": [
        {
          "uuid": "ef44863f-314d-4676-b4eb-c4aa82a13642",
          "title": "Verify checkboxes via WebdriverUni",
          "fullFile": "",
          "file": "",
          "beforeHooks": [],
          "afterHooks": [],
          "tests": [
            {
              "title": "Check and validate checkboxes",
              "fullTitle": "Verify checkboxes via WebdriverUni Check and validate checkboxes",
              "timedOut": null,
              "duration": 1084,
              "state": "passed",
              "speed": "fast",
              "pass": true,
              "fail": false,
              "pending": false,
              "context": null,
              "code": "// cy.get('#checkboxes > :nth-child(1)').check();\n// cy.get('#checkboxes > :nth-child(1) > input').check().should('be.checked');\ncy.get('#checkboxes > :nth-child(1) > input').as('option-1');\n// cy.get('@option-1').check();\ncy.get('@option-1').check().should('be.checked');",
              "err": {},
              "uuid": "c965f95f-975a-4f36-82aa-252055ee92de",
              "parentUUID": "ef44863f-314d-4676-b4eb-c4aa82a13642",
              "isHook": false,
              "skipped": false
            },
            {
              "title": "Uncheck and validate checkboxes",
              "fullTitle": "Verify checkboxes via WebdriverUni Uncheck and validate checkboxes",
              "timedOut": null,
              "duration": 332,
              "state": "passed",
              "speed": "fast",
              "pass": true,
              "fail": false,
              "pending": false,
              "context": null,
              "code": "cy.get(':nth-child(5) > input').as('option-3');\ncy.get('@option-3').uncheck().should('not.be.checked');",
              "err": {},
              "uuid": "d05ecaef-e87f-410c-92bd-e2d4833adcca",
              "parentUUID": "ef44863f-314d-4676-b4eb-c4aa82a13642",
              "isHook": false,
              "skipped": false
            },
            {
              "title": "Check multiple checkboxes",
              "fullTitle": "Verify checkboxes via WebdriverUni Check multiple checkboxes",
              "timedOut": null,
              "duration": 422,
              "state": "passed",
              "speed": "fast",
              "pass": true,
              "fail": false,
              "pending": false,
              "context": null,
              "code": "cy.get(\"input[type='checkbox']\").check([\"option-1\", \"option-2\", \"option-3\", \"option-4\"]);",
              "err": {},
              "uuid": "acf1193e-e75e-4296-9508-b45b83f1c892",
              "parentUUID": "ef44863f-314d-4676-b4eb-c4aa82a13642",
              "isHook": false,
              "skipped": false
            }
          ],
          "suites": [],
          "passes": [
            "c965f95f-975a-4f36-82aa-252055ee92de",
            "d05ecaef-e87f-410c-92bd-e2d4833adcca",
            "acf1193e-e75e-4296-9508-b45b83f1c892"
          ],
          "failures": [],
          "pending": [],
          "skipped": [],
          "duration": 1838,
          "root": false,
          "rootEmpty": false,
          "_timeout": 2000
        }
      ],
      "passes": [],
      "failures": [],
      "pending": [],
      "skipped": [],
      "duration": 0,
      "root": true,
      "rootEmpty": true,
      "_timeout": 2000
    },
    {
      "uuid": "f83ac256-beeb-404f-a3ec-be9f288b7067",
      "title": "",
      "fullFile": "cypress\\e2e\\webdriver-uni\\contact-us.js",
      "file": "cypress\\e2e\\webdriver-uni\\contact-us.js",
      "beforeHooks": [],
      "afterHooks": [],
      "tests": [],
      "suites": [
        {
          "uuid": "e9fb4acb-bca6-4809-a535-ce6ccc3d691f",
          "title": "Test Contact Us form via WebdriverUni",
          "fullFile": "",
          "file": "",
          "beforeHooks": [],
          "afterHooks": [],
          "tests": [
            {
              "title": "Should be able to submit a successful submission via contact us form",
              "fullTitle": "Test Contact Us form via WebdriverUni Should be able to submit a successful submission via contact us form",
              "timedOut": null,
              "duration": 3514,
              "state": "passed",
              "speed": "fast",
              "pass": true,
              "fail": false,
              "pending": false,
              "context": null,
              "code": "cy.document().should('have.property', 'charset').and('eq', 'UTF-8');\ncy.title().should('include', 'WebDriver | Contact Us');\ncy.url().should('include', 'contactus');\ncontact_Us_PO.contactForm_Submission(Cypress.env(\"first_name\"), data.last_name, data.email, \"How can I learn cypress\", 'h1', 'Thank You for your Message!');",
              "err": {},
              "uuid": "f11ae57d-446d-4a17-986f-2777fa3e7a5b",
              "parentUUID": "e9fb4acb-bca6-4809-a535-ce6ccc3d691f",
              "isHook": false,
              "skipped": false
            },
            {
              "title": "Should not be able to submit a successful submission via contact us form as all fields are required",
              "fullTitle": "Test Contact Us form via WebdriverUni Should not be able to submit a successful submission via contact us form as all fields are required",
              "timedOut": null,
              "duration": 2057,
              "state": "passed",
              "speed": "fast",
              "pass": true,
              "fail": false,
              "pending": false,
              "context": null,
              "code": "contact_Us_PO.contactForm_Submission(data.first_name, data.last_name, \" \", \"How can I learn cypress\", 'body', 'Error: Invalid email address');",
              "err": {},
              "uuid": "d7b727ff-f5d8-4ce1-b751-9a0e4f851318",
              "parentUUID": "e9fb4acb-bca6-4809-a535-ce6ccc3d691f",
              "isHook": false,
              "skipped": false
            }
          ],
          "suites": [],
          "passes": [
            "f11ae57d-446d-4a17-986f-2777fa3e7a5b",
            "d7b727ff-f5d8-4ce1-b751-9a0e4f851318"
          ],
          "failures": [],
          "pending": [],
          "skipped": [],
          "duration": 5571,
          "root": false,
          "rootEmpty": false,
          "_timeout": 2000
        }
      ],
      "passes": [],
      "failures": [],
      "pending": [],
      "skipped": [],
      "duration": 0,
      "root": true,
      "rootEmpty": true,
      "_timeout": 2000
    },
    {
      "uuid": "8cfd52b9-cfbd-45e9-adc6-b72b0f91db21",
      "title": "",
      "fullFile": "cypress\\e2e\\webdriver-uni\\data-tables.js",
      "file": "cypress\\e2e\\webdriver-uni\\data-tables.js",
      "beforeHooks": [],
      "afterHooks": [],
      "tests": [],
      "suites": [
        {
          "uuid": "0cb580aa-0688-458d-b152-b4f9660c4555",
          "title": "Handling data via webdriveruni",
          "fullFile": "",
          "file": "",
          "beforeHooks": [],
          "afterHooks": [],
          "tests": [
            {
              "title": "Calculate and assert the total age of all users",
              "fullTitle": "Handling data via webdriveruni Calculate and assert the total age of all users",
              "timedOut": null,
              "duration": 1128,
              "state": "passed",
              "speed": "fast",
              "pass": true,
              "fail": false,
              "pending": false,
              "context": null,
              "code": "var userDetails = [];\nlet numb = 0;\ncy.get(\"#thumbnail-1 td\").each(($el, index, $list) => {\n  userDetails[index] = $el.text();\n}).then(() => {\n  var i;\n  for (i = 0; i < userDetails.length; i++) {\n    if (Number(userDetails[i])) {\n      numb += Number(userDetails[i]);\n    }\n    // cy.log(userDetails[i]);\n  }\n  cy.log(\"Found total age: \" + numb);\n  expect(numb).to.eq(322);\n});",
              "err": {},
              "uuid": "db01a66b-cf69-45cf-8310-c957bfb37d42",
              "parentUUID": "0cb580aa-0688-458d-b152-b4f9660c4555",
              "isHook": false,
              "skipped": false
            },
            {
              "title": "Calculate and assert the age of a given user based on last name",
              "fullTitle": "Handling data via webdriveruni Calculate and assert the age of a given user based on last name",
              "timedOut": null,
              "duration": 428,
              "state": "passed",
              "speed": "fast",
              "pass": true,
              "fail": false,
              "pending": false,
              "context": null,
              "code": "cy.get(\"#thumbnail-1 tr td:nth-child(2)\").each(($el, index, $list) => {\n  const text = $el.text();\n  if (text.includes(\"Woods\")) {\n    cy.get(\"#thumbnail-1 tr td:nth-child(2)\").eq(index).next().then(function (age) {\n      const userAge = age.text();\n      expect(userAge).to.eq(\"80\");\n    });\n  }\n});",
              "err": {},
              "uuid": "e0668f1f-e32a-43e7-a1bc-de7269882dbb",
              "parentUUID": "0cb580aa-0688-458d-b152-b4f9660c4555",
              "isHook": false,
              "skipped": false
            }
          ],
          "suites": [],
          "passes": [
            "db01a66b-cf69-45cf-8310-c957bfb37d42",
            "e0668f1f-e32a-43e7-a1bc-de7269882dbb"
          ],
          "failures": [],
          "pending": [],
          "skipped": [],
          "duration": 1556,
          "root": false,
          "rootEmpty": false,
          "_timeout": 2000
        }
      ],
      "passes": [],
      "failures": [],
      "pending": [],
      "skipped": [],
      "duration": 0,
      "root": true,
      "rootEmpty": true,
      "_timeout": 2000
    },
    {
      "uuid": "19c0e5c6-9465-46c9-9ad3-50fca8bf409e",
      "title": "",
      "fullFile": "cypress\\e2e\\webdriver-uni\\datepicker.js",
      "file": "cypress\\e2e\\webdriver-uni\\datepicker.js",
      "beforeHooks": [],
      "afterHooks": [],
      "tests": [],
      "suites": [
        {
          "uuid": "cb9eef2a-0ae1-45f6-826f-f5dff34ce777",
          "title": "Test datepicker via webdriveruni",
          "fullFile": "",
          "file": "",
          "beforeHooks": [],
          "afterHooks": [],
          "tests": [
            {
              "title": "Select date from the datepicker",
              "fullTitle": "Test datepicker via webdriveruni Select date from the datepicker",
              "timedOut": null,
              "duration": 2077,
              "state": "passed",
              "speed": "fast",
              "pass": true,
              "fail": false,
              "pending": false,
              "context": null,
              "code": "cy.visit(\"/\");\ncy.get(\"#datepicker\").invoke('removeAttr', 'target').click({\n  force: true\n});\ncy.get(\"#datepicker\").click();\n// Examples\n// let date = new Date();\n// date.setDate(date.getDate()); \n// cy.log(date.getDate()); // get current date i.e 22\n// let date2 = new Date();\n// date2.setDate(date2.getDate() + 5);\n// cy.log(date2.getDate()); // get current date i.e 27\nvar date = new Date();\ndate.setDate(date.getDate() + 80);\nvar futureYear = date.getFullYear();\nvar futureMonth = date.toLocaleString(\"default\", {\n  month: \"long\"\n});\nvar futureDay = date.getDate();\ncy.log(\"Future year to select: \" + futureYear);\ncy.log(\"Future month to select: \" + futureMonth);\ncy.log(\"Future day to select: \" + futureDay);\nfunction selectMonthAndYear() {\n  cy.get(\".datepicker-dropdown\").find(\".datepicker-switch\").first().then(currentDate => {\n    if (!currentDate.text().includes(futureYear)) {\n      cy.get(\".next\").first().click();\n      selectMonthAndYear();\n    }\n  }).then(() => {\n    cy.get(\".datepicker-dropdown\").find(\".datepicker-switch\").first().then(currentDate => {\n      if (!currentDate.text().includes(futureMonth)) {\n        cy.get(\".next\").first().click();\n        selectMonthAndYear();\n      }\n    });\n  });\n}\nfunction selectFutureDay() {\n  cy.get(\"[class='day']\").contains(futureDay).click();\n}\nselectMonthAndYear();\nselectFutureDay();",
              "err": {},
              "uuid": "a174043c-c654-466b-b38a-f7eddcef0f55",
              "parentUUID": "cb9eef2a-0ae1-45f6-826f-f5dff34ce777",
              "isHook": false,
              "skipped": false
            }
          ],
          "suites": [],
          "passes": [
            "a174043c-c654-466b-b38a-f7eddcef0f55"
          ],
          "failures": [],
          "pending": [],
          "skipped": [],
          "duration": 2077,
          "root": false,
          "rootEmpty": false,
          "_timeout": 2000
        }
      ],
      "passes": [],
      "failures": [],
      "pending": [],
      "skipped": [],
      "duration": 0,
      "root": true,
      "rootEmpty": true,
      "_timeout": 2000
    },
    {
      "uuid": "dda22588-e9e9-4216-b88e-5697898fe72b",
      "title": "",
      "fullFile": "cypress\\e2e\\webdriver-uni\\file-upload.js",
      "file": "cypress\\e2e\\webdriver-uni\\file-upload.js",
      "beforeHooks": [],
      "afterHooks": [],
      "tests": [],
      "suites": [
        {
          "uuid": "6a0e0e8a-8550-43f7-8f43-93e7f0d5d148",
          "title": "Test file upload via webdriveruni",
          "fullFile": "",
          "file": "",
          "beforeHooks": [],
          "afterHooks": [],
          "tests": [
            {
              "title": "Upload a file...",
              "fullTitle": "Test file upload via webdriveruni Upload a file...",
              "timedOut": null,
              "duration": 1019,
              "state": "passed",
              "speed": "fast",
              "pass": true,
              "fail": false,
              "pending": false,
              "context": null,
              "code": "cy.visit(\"/\");\ncy.get(\"#file-upload\").invoke('removeAttr', 'target').click({\n  force: true\n});\ncy.get(\"#myFile\").selectFile('cypress/fixtures/laptop.png');\ncy.get(\"#submit-button\").click();\ncy.on('window:alert', str => {\n  expect(str).to.equal(\"Your file has now been uploaded!\");\n});",
              "err": {},
              "uuid": "3684264f-37e1-47ca-a4e0-b72ed4f2fab2",
              "parentUUID": "6a0e0e8a-8550-43f7-8f43-93e7f0d5d148",
              "isHook": false,
              "skipped": false
            },
            {
              "title": "Validate no file attached",
              "fullTitle": "Test file upload via webdriveruni Validate no file attached",
              "timedOut": null,
              "duration": 436,
              "state": "passed",
              "speed": "fast",
              "pass": true,
              "fail": false,
              "pending": false,
              "context": null,
              "code": "cy.visit(\"/\");\ncy.get(\"#file-upload\").invoke('removeAttr', 'target').click({\n  force: true\n});\ncy.get(\"#submit-button\").click();\ncy.on('window:alert', str => {\n  expect(str).to.equal(\"You need to select a file to upload!\");\n});",
              "err": {},
              "uuid": "81da6886-1853-4c76-a6e8-374fd18e6ec3",
              "parentUUID": "6a0e0e8a-8550-43f7-8f43-93e7f0d5d148",
              "isHook": false,
              "skipped": false
            }
          ],
          "suites": [],
          "passes": [
            "3684264f-37e1-47ca-a4e0-b72ed4f2fab2",
            "81da6886-1853-4c76-a6e8-374fd18e6ec3"
          ],
          "failures": [],
          "pending": [],
          "skipped": [],
          "duration": 1455,
          "root": false,
          "rootEmpty": false,
          "_timeout": 2000
        }
      ],
      "passes": [],
      "failures": [],
      "pending": [],
      "skipped": [],
      "duration": 0,
      "root": true,
      "rootEmpty": true,
      "_timeout": 2000
    },
    {
      "uuid": "6ddd5371-2ef7-4eb4-8985-d619bbb354d6",
      "title": "",
      "fullFile": "cypress\\e2e\\webdriver-uni\\hooks.js",
      "file": "cypress\\e2e\\webdriver-uni\\hooks.js",
      "beforeHooks": [],
      "afterHooks": [],
      "tests": [],
      "suites": [
        {
          "uuid": "0b87f85c-d96e-46fb-98e4-94f39eb7560c",
          "title": "Hooks",
          "fullFile": "",
          "file": "",
          "beforeHooks": [],
          "afterHooks": [],
          "tests": [
            {
              "title": "Example test1",
              "fullTitle": "Hooks Example test1",
              "timedOut": null,
              "duration": 73,
              "state": "passed",
              "speed": "fast",
              "pass": true,
              "fail": false,
              "pending": false,
              "context": null,
              "code": "cy.log(\"Example test1\");",
              "err": {},
              "uuid": "057cba60-210e-428f-aae7-7cd7dd370c9e",
              "parentUUID": "0b87f85c-d96e-46fb-98e4-94f39eb7560c",
              "isHook": false,
              "skipped": false
            },
            {
              "title": "Example test2",
              "fullTitle": "Hooks Example test2",
              "timedOut": null,
              "duration": 32,
              "state": "passed",
              "speed": "fast",
              "pass": true,
              "fail": false,
              "pending": false,
              "context": null,
              "code": "cy.log(\"Example test2\");",
              "err": {},
              "uuid": "df9ae1f3-5370-4b21-85c7-9fa1ed8a7d70",
              "parentUUID": "0b87f85c-d96e-46fb-98e4-94f39eb7560c",
              "isHook": false,
              "skipped": false
            }
          ],
          "suites": [],
          "passes": [
            "057cba60-210e-428f-aae7-7cd7dd370c9e",
            "df9ae1f3-5370-4b21-85c7-9fa1ed8a7d70"
          ],
          "failures": [],
          "pending": [],
          "skipped": [],
          "duration": 105,
          "root": false,
          "rootEmpty": false,
          "_timeout": 2000
        }
      ],
      "passes": [],
      "failures": [],
      "pending": [],
      "skipped": [],
      "duration": 0,
      "root": true,
      "rootEmpty": true,
      "_timeout": 2000
    },
    {
      "uuid": "8f38e95e-a871-446b-99f3-64677128c612",
      "title": "",
      "fullFile": "cypress\\e2e\\webdriver-uni\\iframe.js",
      "file": "cypress\\e2e\\webdriver-uni\\iframe.js",
      "beforeHooks": [],
      "afterHooks": [],
      "tests": [],
      "suites": [
        {
          "uuid": "6db72030-113c-4628-8994-baaf89e88b1a",
          "title": "Handling iFrame & Modals",
          "fullFile": "",
          "file": "",
          "beforeHooks": [],
          "afterHooks": [],
          "tests": [
            {
              "title": "Handling webdriveruni iframe and modal",
              "fullTitle": "Handling iFrame & Modals Handling webdriveruni iframe and modal",
              "timedOut": null,
              "duration": 1475,
              "state": "passed",
              "speed": "fast",
              "pass": true,
              "fail": false,
              "pending": false,
              "context": null,
              "code": "cy.visit(\"/\");\ncy.get(\"#iframe\").invoke('removeAttr', 'target').click({\n  force: true\n});\ncy.get(\"#frame\").then($iframe => {\n  const body = $iframe.contents().find('body');\n  cy.wrap(body).as('iframe');\n});\ncy.get('@iframe').find('#button-find-out-more').click();\ncy.get('@iframe').find('#myModal').as('modal');\ncy.get('@modal').should($expectedText => {\n  const text = $expectedText.text();\n  expect(text).to.include('Welcome to webdriveruniversity.com we sell a wide range of electrical goods');\n});\ncy.get('@modal').contains('Close').click();",
              "err": {},
              "uuid": "5bcbb414-1f38-4c8f-b17e-5fd9d679d253",
              "parentUUID": "6db72030-113c-4628-8994-baaf89e88b1a",
              "isHook": false,
              "skipped": false
            }
          ],
          "suites": [],
          "passes": [
            "5bcbb414-1f38-4c8f-b17e-5fd9d679d253"
          ],
          "failures": [],
          "pending": [],
          "skipped": [],
          "duration": 1475,
          "root": false,
          "rootEmpty": false,
          "_timeout": 2000
        }
      ],
      "passes": [],
      "failures": [],
      "pending": [],
      "skipped": [],
      "duration": 0,
      "root": true,
      "rootEmpty": true,
      "_timeout": 2000
    },
    {
      "uuid": "f31015ab-1b3d-4d7c-97eb-92e258a56da1",
      "title": "",
      "fullFile": "cypress\\e2e\\webdriver-uni\\js-alerts.js",
      "file": "cypress\\e2e\\webdriver-uni\\js-alerts.js",
      "beforeHooks": [],
      "afterHooks": [],
      "tests": [],
      "suites": [
        {
          "uuid": "10ff2237-578e-4cb8-9481-be5ddaa8c45e",
          "title": "Handle js alerts",
          "fullFile": "",
          "file": "",
          "beforeHooks": [],
          "afterHooks": [],
          "tests": [
            {
              "title": "Confirm js alerts contains the correct text",
              "fullTitle": "Handle js alerts Confirm js alerts contains the correct text",
              "timedOut": null,
              "duration": 997,
              "state": "passed",
              "speed": "fast",
              "pass": true,
              "fail": false,
              "pending": false,
              "context": null,
              "code": "cy.get(\"#button1\").click();\ncy.on('window:alert', str => {\n  expect(str).to.equal('I am an alert box!');\n});",
              "err": {},
              "uuid": "1d65d7d2-a0c5-4c0e-920f-2f0fc475ee9f",
              "parentUUID": "10ff2237-578e-4cb8-9481-be5ddaa8c45e",
              "isHook": false,
              "skipped": false
            },
            {
              "title": "Validate js confirm alert box works correctly when clicking ok",
              "fullTitle": "Handle js alerts Validate js confirm alert box works correctly when clicking ok",
              "timedOut": null,
              "duration": 391,
              "state": "passed",
              "speed": "fast",
              "pass": true,
              "fail": false,
              "pending": false,
              "context": null,
              "code": "cy.get(\"#button4\").click();\ncy.on('window:confirm', str => {\n  return true;\n});\ncy.get(\"#confirm-alert-text\").contains('You pressed OK!');",
              "err": {},
              "uuid": "14c667f7-8369-4628-b5bc-e6194672e509",
              "parentUUID": "10ff2237-578e-4cb8-9481-be5ddaa8c45e",
              "isHook": false,
              "skipped": false
            },
            {
              "title": "Validate js confirm alert box works correctly when clicking cancel",
              "fullTitle": "Handle js alerts Validate js confirm alert box works correctly when clicking cancel",
              "timedOut": null,
              "duration": 360,
              "state": "passed",
              "speed": "fast",
              "pass": true,
              "fail": false,
              "pending": false,
              "context": null,
              "code": "cy.get(\"#button4\").click();\ncy.on('window:confirm', str => {\n  return false;\n});\ncy.get('#confirm-alert-text').contains('You pressed Cancel!');",
              "err": {},
              "uuid": "5bd3b483-1571-4c9b-b4ee-0f57460a3e79",
              "parentUUID": "10ff2237-578e-4cb8-9481-be5ddaa8c45e",
              "isHook": false,
              "skipped": false
            },
            {
              "title": "Validate js confirm alert box using a stub",
              "fullTitle": "Handle js alerts Validate js confirm alert box using a stub",
              "timedOut": null,
              "duration": 369,
              "state": "passed",
              "speed": "fast",
              "pass": true,
              "fail": false,
              "pending": false,
              "context": null,
              "code": "const stub = cy.stub();\ncy.on('window:confirm', stub);\ncy.get('#button4').click().then(() => {\n  expect(stub.getCall(0)).to.be.calledWith('Press a button!');\n}).then(() => {\n  return true;\n}).then(() => {\n  cy.get(\"#confirm-alert-text\").contains('You pressed OK!');\n});",
              "err": {},
              "uuid": "3f284a83-101d-4e6a-b2f7-6ec67bf7a4ca",
              "parentUUID": "10ff2237-578e-4cb8-9481-be5ddaa8c45e",
              "isHook": false,
              "skipped": false
            }
          ],
          "suites": [],
          "passes": [
            "1d65d7d2-a0c5-4c0e-920f-2f0fc475ee9f",
            "14c667f7-8369-4628-b5bc-e6194672e509",
            "5bd3b483-1571-4c9b-b4ee-0f57460a3e79",
            "3f284a83-101d-4e6a-b2f7-6ec67bf7a4ca"
          ],
          "failures": [],
          "pending": [],
          "skipped": [],
          "duration": 2117,
          "root": false,
          "rootEmpty": false,
          "_timeout": 2000
        }
      ],
      "passes": [],
      "failures": [],
      "pending": [],
      "skipped": [],
      "duration": 0,
      "root": true,
      "rootEmpty": true,
      "_timeout": 2000
    },
    {
      "uuid": "1f16fc80-ecc6-4858-8dbb-f4db3163b18e",
      "title": "",
      "fullFile": "cypress\\e2e\\webdriver-uni\\mouse-actions.js",
      "file": "cypress\\e2e\\webdriver-uni\\mouse-actions.js",
      "beforeHooks": [],
      "afterHooks": [],
      "tests": [],
      "suites": [
        {
          "uuid": "f403b5bb-8d1b-4417-a17b-1190e378ae82",
          "title": "Test mouse actions",
          "fullFile": "",
          "file": "",
          "beforeHooks": [],
          "afterHooks": [],
          "tests": [
            {
              "title": "Scroll into view",
              "fullTitle": "Test mouse actions Scroll into view",
              "timedOut": null,
              "duration": 1053,
              "state": "passed",
              "speed": "fast",
              "pass": true,
              "fail": false,
              "pending": false,
              "context": null,
              "code": "",
              "err": {},
              "uuid": "52d05139-c804-46ff-9b7b-a0973a63dfd3",
              "parentUUID": "f403b5bb-8d1b-4417-a17b-1190e378ae82",
              "isHook": false,
              "skipped": false
            },
            {
              "title": "I should be able to drag and drop a draggable item",
              "fullTitle": "Test mouse actions I should be able to drag and drop a draggable item",
              "timedOut": null,
              "duration": 393,
              "state": "passed",
              "speed": "fast",
              "pass": true,
              "fail": false,
              "pending": false,
              "context": null,
              "code": "cy.get(\"#draggable\").trigger('mousedown', {\n  which: 1\n});\ncy.get(\"#droppable\").trigger('mousemove').trigger('mouseup', {\n  force: true\n});",
              "err": {},
              "uuid": "1dc450c8-9a14-4190-ab10-45f3f8de95d7",
              "parentUUID": "f403b5bb-8d1b-4417-a17b-1190e378ae82",
              "isHook": false,
              "skipped": false
            },
            {
              "title": "I should be able to perform a double mouse click",
              "fullTitle": "Test mouse actions I should be able to perform a double mouse click",
              "timedOut": null,
              "duration": 425,
              "state": "passed",
              "speed": "fast",
              "pass": true,
              "fail": false,
              "pending": false,
              "context": null,
              "code": "cy.get(\"#double-click\").dblclick();",
              "err": {},
              "uuid": "c1d16618-f099-47af-a917-50c0f010d25c",
              "parentUUID": "f403b5bb-8d1b-4417-a17b-1190e378ae82",
              "isHook": false,
              "skipped": false
            },
            {
              "title": "I should be able to hold down the left mouse click button on a given item",
              "fullTitle": "Test mouse actions I should be able to hold down the left mouse click button on a given item",
              "timedOut": null,
              "duration": 318,
              "state": "passed",
              "speed": "fast",
              "pass": true,
              "fail": false,
              "pending": false,
              "context": null,
              "code": "cy.get(\"#click-box\").trigger(\"mousedown\", {\n  which: 1\n}).then($element => {\n  expect($element).to.have.css('background-color', 'rgb(0, 255, 0)');\n});",
              "err": {},
              "uuid": "8d45a862-02dc-4ef6-b74b-421da0d39018",
              "parentUUID": "f403b5bb-8d1b-4417-a17b-1190e378ae82",
              "isHook": false,
              "skipped": false
            }
          ],
          "suites": [],
          "passes": [
            "52d05139-c804-46ff-9b7b-a0973a63dfd3",
            "1dc450c8-9a14-4190-ab10-45f3f8de95d7",
            "c1d16618-f099-47af-a917-50c0f010d25c",
            "8d45a862-02dc-4ef6-b74b-421da0d39018"
          ],
          "failures": [],
          "pending": [],
          "skipped": [],
          "duration": 2189,
          "root": false,
          "rootEmpty": false,
          "_timeout": 2000
        }
      ],
      "passes": [],
      "failures": [],
      "pending": [],
      "skipped": [],
      "duration": 0,
      "root": true,
      "rootEmpty": true,
      "_timeout": 2000
    },
    {
      "uuid": "080b73e2-adc0-435f-b635-9374cbee03ca",
      "title": "",
      "fullFile": "cypress\\e2e\\webdriver-uni\\radio-buttons.js",
      "file": "cypress\\e2e\\webdriver-uni\\radio-buttons.js",
      "beforeHooks": [],
      "afterHooks": [],
      "tests": [],
      "suites": [
        {
          "uuid": "51a206c0-94bb-4582-98b8-3c13dff68a68",
          "title": "Verify radio buttons via WebdriverUni",
          "fullFile": "",
          "file": "",
          "beforeHooks": [],
          "afterHooks": [],
          "tests": [
            {
              "title": "Check specific radio buttons",
              "fullTitle": "Verify radio buttons via WebdriverUni Check specific radio buttons",
              "timedOut": null,
              "duration": 973,
              "state": "passed",
              "speed": "fast",
              "pass": true,
              "fail": false,
              "pending": false,
              "context": null,
              "code": "cy.get(\"#radio-buttons\").find(\"input[type='radio']\").eq(2).check();",
              "err": {},
              "uuid": "2168d6fa-b112-4c30-a038-f1304de65d0b",
              "parentUUID": "51a206c0-94bb-4582-98b8-3c13dff68a68",
              "isHook": false,
              "skipped": false
            },
            {
              "title": "Validate state of specific radio buttons",
              "fullTitle": "Verify radio buttons via WebdriverUni Validate state of specific radio buttons",
              "timedOut": null,
              "duration": 536,
              "state": "passed",
              "speed": "fast",
              "pass": true,
              "fail": false,
              "pending": false,
              "context": null,
              "code": "cy.get(\"#radio-buttons\").find(\"input[type='radio']\").eq(2).check();\ncy.get(\"[value='lettuce']\").should('not.be.checked');\ncy.get(\"[value='pumpkin']\").should('be.checked');\ncy.get(\"[value='lettuce']\").check();\ncy.get(\"[value='lettuce']\").should('be.checked');\ncy.get(\"[value='pumpkin']\").should('not.be.checked');\ncy.get(\"[value='cabbage']\").should('be.disabled');",
              "err": {},
              "uuid": "8a6c3aa3-e53f-4a7f-8c9c-6084b6ff99a4",
              "parentUUID": "51a206c0-94bb-4582-98b8-3c13dff68a68",
              "isHook": false,
              "skipped": false
            }
          ],
          "suites": [],
          "passes": [
            "2168d6fa-b112-4c30-a038-f1304de65d0b",
            "8a6c3aa3-e53f-4a7f-8c9c-6084b6ff99a4"
          ],
          "failures": [],
          "pending": [],
          "skipped": [],
          "duration": 1509,
          "root": false,
          "rootEmpty": false,
          "_timeout": 2000
        }
      ],
      "passes": [],
      "failures": [],
      "pending": [],
      "skipped": [],
      "duration": 0,
      "root": true,
      "rootEmpty": true,
      "_timeout": 2000
    },
    {
      "uuid": "3bd0c02f-1d9a-4842-bd8a-5f4f42d89faa",
      "title": "",
      "fullFile": "cypress\\e2e\\webdriver-uni\\select-dropdown-list.js",
      "file": "cypress\\e2e\\webdriver-uni\\select-dropdown-list.js",
      "beforeHooks": [],
      "afterHooks": [],
      "tests": [],
      "suites": [
        {
          "uuid": "8b7d052a-4b9f-4241-a00d-19e33d782dd2",
          "title": "Interact with dropdown lists via WebdriverUni",
          "fullFile": "",
          "file": "",
          "beforeHooks": [],
          "afterHooks": [],
          "tests": [
            {
              "title": "Select specific values via select dropdown lists",
              "fullTitle": "Interact with dropdown lists via WebdriverUni Select specific values via select dropdown lists",
              "timedOut": null,
              "duration": 1953,
              "state": "passed",
              "speed": "fast",
              "pass": true,
              "fail": false,
              "pending": false,
              "context": null,
              "code": "cy.visit(\"/\");\ncy.get(\"#dropdown-checkboxes-radiobuttons\").invoke('removeAttr', 'target').click({\n  force: true\n});\ncy.get(\"#dropdowm-menu-1\").select('c#');\ncy.get(\"#dropdowm-menu-2\").select('testng').should('have.value', 'testng');\ncy.get(\"#dropdowm-menu-3\").select('jquery').contains('JQuery');\ncy.get(\"#dropdowm-menu-2\").select('maven').should('have.value', 'maven');\ncy.get(\"#dropdowm-menu-2\").select('testng').contains('TestNG');",
              "err": {},
              "uuid": "96fe75db-9ace-4ffb-8ea0-673b6fe4dbac",
              "parentUUID": "8b7d052a-4b9f-4241-a00d-19e33d782dd2",
              "isHook": false,
              "skipped": false
            }
          ],
          "suites": [],
          "passes": [
            "96fe75db-9ace-4ffb-8ea0-673b6fe4dbac"
          ],
          "failures": [],
          "pending": [],
          "skipped": [],
          "duration": 1953,
          "root": false,
          "rootEmpty": false,
          "_timeout": 2000
        }
      ],
      "passes": [],
      "failures": [],
      "pending": [],
      "skipped": [],
      "duration": 0,
      "root": true,
      "rootEmpty": true,
      "_timeout": 2000
    },
    {
      "uuid": "ffbe5bc5-d862-4d60-94e1-f4cb4f54259d",
      "title": "",
      "fullFile": "cypress\\e2e\\webdriver-uni\\selectors.js",
      "file": "cypress\\e2e\\webdriver-uni\\selectors.js",
      "beforeHooks": [],
      "afterHooks": [],
      "tests": [],
      "suites": [
        {
          "uuid": "717a6954-c009-49a3-8733-8d48e79389dd",
          "title": "Selector examples",
          "fullFile": "",
          "file": "",
          "beforeHooks": [],
          "afterHooks": [],
          "tests": [
            {
              "title": "Examples of Selectors via WebdriverUni Contact Us Page",
              "fullTitle": "Selector examples Examples of Selectors via WebdriverUni Contact Us Page",
              "timedOut": null,
              "duration": 516,
              "state": "passed",
              "speed": "fast",
              "pass": true,
              "fail": false,
              "pending": false,
              "context": null,
              "code": "cy.visit(\"/Contact-Us/contactus.html\");\n//By tag name\ncy.get(\"input\");\n//By attribute name and value\ncy.get(\"input[name='first_name']\");\n//By id\ncy.get(\"#contact_me\");\n//By class\ncy.get(\".feedback-input\");\n//By multiple classes\ncy.get(\"[class='navbar navbar-inverse navbar-fixed-top']\");\n//By two different attributes\ncy.get(\"[name='email'][placeholder='Email Address']\");\n//By xpath\ncy.xpath(\"//input[@name='first_name']\");",
              "err": {},
              "uuid": "800ed407-8b63-430f-b53e-a820588f4668",
              "parentUUID": "717a6954-c009-49a3-8733-8d48e79389dd",
              "isHook": false,
              "skipped": false
            }
          ],
          "suites": [],
          "passes": [
            "800ed407-8b63-430f-b53e-a820588f4668"
          ],
          "failures": [],
          "pending": [],
          "skipped": [],
          "duration": 516,
          "root": false,
          "rootEmpty": false,
          "_timeout": 2000
        }
      ],
      "passes": [],
      "failures": [],
      "pending": [],
      "skipped": [],
      "duration": 0,
      "root": true,
      "rootEmpty": true,
      "_timeout": 2000
    },
    {
      "uuid": "36c7126a-904c-4bf9-acfb-e3783dd5b850",
      "title": "",
      "fullFile": "cypress\\e2e\\webdriver-uni\\traversing-elements.js",
      "file": "cypress\\e2e\\webdriver-uni\\traversing-elements.js",
      "beforeHooks": [],
      "afterHooks": [],
      "tests": [],
      "suites": [
        {
          "uuid": "cc7a20d3-b475-4421-b5e7-62b068b8bb5a",
          "title": "Traversing DOM elements in Cypress",
          "fullFile": "",
          "file": "",
          "beforeHooks": [],
          "afterHooks": [],
          "tests": [
            {
              "title": "children() to get the children of DOM elements",
              "fullTitle": "Traversing DOM elements in Cypress children() to get the children of DOM elements",
              "timedOut": null,
              "duration": 984,
              "state": "passed",
              "speed": "fast",
              "pass": true,
              "fail": false,
              "pending": false,
              "context": null,
              "code": "cy.get(\".traversal-breadcrumb\").children('.active').should('contain', 'Contact Us');",
              "err": {},
              "uuid": "b8e31847-38b2-41b0-9c58-e392fa14cad7",
              "parentUUID": "cc7a20d3-b475-4421-b5e7-62b068b8bb5a",
              "isHook": false,
              "skipped": false
            },
            {
              "title": "closest() to validate the closest ancestor DOM element",
              "fullTitle": "Traversing DOM elements in Cypress closest() to validate the closest ancestor DOM element",
              "timedOut": null,
              "duration": 369,
              "state": "passed",
              "speed": "fast",
              "pass": true,
              "fail": false,
              "pending": false,
              "context": null,
              "code": "cy.get(\".traversal-badge\").closest('ul').should('have.class', 'list-group');",
              "err": {},
              "uuid": "c0460288-700d-4ebd-8acc-6da0e959b1a5",
              "parentUUID": "cc7a20d3-b475-4421-b5e7-62b068b8bb5a",
              "isHook": false,
              "skipped": false
            },
            {
              "title": "eq() to retrieve a specific element based on index",
              "fullTitle": "Traversing DOM elements in Cypress eq() to retrieve a specific element based on index",
              "timedOut": null,
              "duration": 317,
              "state": "passed",
              "speed": "fast",
              "pass": true,
              "fail": false,
              "pending": false,
              "context": null,
              "code": "cy.get(\".traversal-drinks-list > *\").eq(2).should('contain', 'Milk');",
              "err": {},
              "uuid": "e307c62b-ee0e-417c-b3bc-a1142da687c4",
              "parentUUID": "cc7a20d3-b475-4421-b5e7-62b068b8bb5a",
              "isHook": false,
              "skipped": false
            },
            {
              "title": "filter() to retrieve DOM elements that match a specific selector",
              "fullTitle": "Traversing DOM elements in Cypress filter() to retrieve DOM elements that match a specific selector",
              "timedOut": null,
              "duration": 311,
              "state": "passed",
              "speed": "fast",
              "pass": true,
              "fail": false,
              "pending": false,
              "context": null,
              "code": "cy.get(\".btn-group-toggle > *\").filter('.active').should('contain', 'Button-1');",
              "err": {},
              "uuid": "4abec466-2cf7-4861-8670-d91aeaf5b467",
              "parentUUID": "cc7a20d3-b475-4421-b5e7-62b068b8bb5a",
              "isHook": false,
              "skipped": false
            },
            {
              "title": "find() to retrieve DOM elements of a given selector",
              "fullTitle": "Traversing DOM elements in Cypress find() to retrieve DOM elements of a given selector",
              "timedOut": null,
              "duration": 339,
              "state": "passed",
              "speed": "fast",
              "pass": true,
              "fail": false,
              "pending": false,
              "context": null,
              "code": "cy.get(\".traversal-pagination\").find('li').find('a').should('have.length', 7);",
              "err": {},
              "uuid": "cad1eab7-df9e-4565-855f-b1d21dece3c6",
              "parentUUID": "cc7a20d3-b475-4421-b5e7-62b068b8bb5a",
              "isHook": false,
              "skipped": false
            },
            {
              "title": "first() to retrieve the first DOM element within elements ",
              "fullTitle": "Traversing DOM elements in Cypress first() to retrieve the first DOM element within elements ",
              "timedOut": null,
              "duration": 416,
              "state": "passed",
              "speed": "fast",
              "pass": true,
              "fail": false,
              "pending": false,
              "context": null,
              "code": "cy.get(\".traversal-table > tbody > tr > td\").first().should('contain', 'Andy');",
              "err": {},
              "uuid": "12f01f8c-deeb-47cd-8be0-9abfec9f7f83",
              "parentUUID": "cc7a20d3-b475-4421-b5e7-62b068b8bb5a",
              "isHook": false,
              "skipped": false
            },
            {
              "title": "last() to retrieve the last DOM element within elements",
              "fullTitle": "Traversing DOM elements in Cypress last() to retrieve the last DOM element within elements",
              "timedOut": null,
              "duration": 332,
              "state": "passed",
              "speed": "fast",
              "pass": true,
              "fail": false,
              "pending": false,
              "context": null,
              "code": "cy.get(\".traversal-table > tbody > tr > td\").last().should('contain', 'Scott');",
              "err": {},
              "uuid": "d745957a-e18f-4853-9356-76143daa4bdf",
              "parentUUID": "cc7a20d3-b475-4421-b5e7-62b068b8bb5a",
              "isHook": false,
              "skipped": false
            },
            {
              "title": "nextAll() to get all of the next sibling DOM elements within elements",
              "fullTitle": "Traversing DOM elements in Cypress nextAll() to get all of the next sibling DOM elements within elements",
              "timedOut": null,
              "duration": 354,
              "state": "passed",
              "speed": "fast",
              "pass": true,
              "fail": false,
              "pending": false,
              "context": null,
              "code": "cy.get(\".traversal-drinks-list\").contains('Tea').nextAll().should('have.length', 3); // ('contain', 'Milk', 'Espresso', 'Sugar');",
              "err": {},
              "uuid": "48aec7b8-3105-4742-9471-e09adad4a4ee",
              "parentUUID": "cc7a20d3-b475-4421-b5e7-62b068b8bb5a",
              "isHook": false,
              "skipped": false
            },
            {
              "title": "nextUntil() to get all of the next sibling DOM elements within elements until another element",
              "fullTitle": "Traversing DOM elements in Cypress nextUntil() to get all of the next sibling DOM elements within elements until another element",
              "timedOut": null,
              "duration": 317,
              "state": "passed",
              "speed": "fast",
              "pass": true,
              "fail": false,
              "pending": false,
              "context": null,
              "code": "cy.get(\"#coffee\").nextUntil('#milk');",
              "err": {},
              "uuid": "14d4e51c-b2f0-4295-a855-fb8413696284",
              "parentUUID": "cc7a20d3-b475-4421-b5e7-62b068b8bb5a",
              "isHook": false,
              "skipped": false
            },
            {
              "title": "not() to remove DOM element(s) from the set of elements",
              "fullTitle": "Traversing DOM elements in Cypress not() to remove DOM element(s) from the set of elements",
              "timedOut": null,
              "duration": 349,
              "state": "passed",
              "speed": "fast",
              "pass": true,
              "fail": false,
              "pending": false,
              "context": null,
              "code": "cy.get(\".traversal-button-states > button\").not('.disabled').should('not.have.class', 'disabled');",
              "err": {},
              "uuid": "e92fe2b3-d446-41f4-92c2-944665106ee2",
              "parentUUID": "cc7a20d3-b475-4421-b5e7-62b068b8bb5a",
              "isHook": false,
              "skipped": false
            },
            {
              "title": "parent() To get parent DOM element of elements",
              "fullTitle": "Traversing DOM elements in Cypress parent() To get parent DOM element of elements",
              "timedOut": null,
              "duration": 338,
              "state": "passed",
              "speed": "fast",
              "pass": true,
              "fail": false,
              "pending": false,
              "context": null,
              "code": "cy.get(\".traversal-mark\").parent().should('contain', 'Lorem ipsum dolor sit amet');",
              "err": {},
              "uuid": "283ec891-1bf2-4026-8f92-6997f914581c",
              "parentUUID": "cc7a20d3-b475-4421-b5e7-62b068b8bb5a",
              "isHook": false,
              "skipped": false
            },
            {
              "title": "parents() to get parents DOM element of elements",
              "fullTitle": "Traversing DOM elements in Cypress parents() to get parents DOM element of elements",
              "timedOut": null,
              "duration": 364,
              "state": "passed",
              "speed": "fast",
              "pass": true,
              "fail": false,
              "pending": false,
              "context": null,
              "code": "cy.get(\".traversal-cite\").parents().should('match', 'blockquote');",
              "err": {},
              "uuid": "de15639e-c5e3-421c-89dc-5b4675dedb4d",
              "parentUUID": "cc7a20d3-b475-4421-b5e7-62b068b8bb5a",
              "isHook": false,
              "skipped": false
            },
            {
              "title": "prev() to get the previous sibling DOM element within elements",
              "fullTitle": "Traversing DOM elements in Cypress prev() to get the previous sibling DOM element within elements",
              "timedOut": null,
              "duration": 393,
              "state": "passed",
              "speed": "fast",
              "pass": true,
              "fail": false,
              "pending": false,
              "context": null,
              "code": "cy.get(\"#sugar\").prev().contains('Espresso');",
              "err": {},
              "uuid": "1871fcae-26c1-429f-98c1-d86c9745a990",
              "parentUUID": "cc7a20d3-b475-4421-b5e7-62b068b8bb5a",
              "isHook": false,
              "skipped": false
            },
            {
              "title": "prevAll() to get all previous sibling DOM elements within elements",
              "fullTitle": "Traversing DOM elements in Cypress prevAll() to get all previous sibling DOM elements within elements",
              "timedOut": null,
              "duration": 352,
              "state": "passed",
              "speed": "fast",
              "pass": true,
              "fail": false,
              "pending": false,
              "context": null,
              "code": "cy.get(\".sales\").prevAll().should('have.length', 2);",
              "err": {},
              "uuid": "4cf88ed9-94e4-46b6-bb14-527640d0eac3",
              "parentUUID": "cc7a20d3-b475-4421-b5e7-62b068b8bb5a",
              "isHook": false,
              "skipped": false
            },
            {
              "title": "prevUntil() to get all previous sibling DOM elements within elements until other element",
              "fullTitle": "Traversing DOM elements in Cypress prevUntil() to get all previous sibling DOM elements within elements until other element",
              "timedOut": null,
              "duration": 341,
              "state": "passed",
              "speed": "fast",
              "pass": true,
              "fail": false,
              "pending": false,
              "context": null,
              "code": "cy.get(\"#veggie\").prevUntil('#fruits').should('have.length', 5);",
              "err": {},
              "uuid": "cd6be812-4596-4cf0-815a-43f9d0f84a77",
              "parentUUID": "cc7a20d3-b475-4421-b5e7-62b068b8bb5a",
              "isHook": false,
              "skipped": false
            },
            {
              "title": "siblings() To get all sibling DOM elements of elements",
              "fullTitle": "Traversing DOM elements in Cypress siblings() To get all sibling DOM elements of elements",
              "timedOut": null,
              "duration": 337,
              "state": "passed",
              "speed": "fast",
              "pass": true,
              "fail": false,
              "pending": false,
              "context": null,
              "code": "cy.get(\".traversal-button-other-states .active\").siblings().should('have.length', 3);",
              "err": {},
              "uuid": "01ca3f78-81d9-427c-8baf-c7ed045b4a8f",
              "parentUUID": "cc7a20d3-b475-4421-b5e7-62b068b8bb5a",
              "isHook": false,
              "skipped": false
            }
          ],
          "suites": [],
          "passes": [
            "b8e31847-38b2-41b0-9c58-e392fa14cad7",
            "c0460288-700d-4ebd-8acc-6da0e959b1a5",
            "e307c62b-ee0e-417c-b3bc-a1142da687c4",
            "4abec466-2cf7-4861-8670-d91aeaf5b467",
            "cad1eab7-df9e-4565-855f-b1d21dece3c6",
            "12f01f8c-deeb-47cd-8be0-9abfec9f7f83",
            "d745957a-e18f-4853-9356-76143daa4bdf",
            "48aec7b8-3105-4742-9471-e09adad4a4ee",
            "14d4e51c-b2f0-4295-a855-fb8413696284",
            "e92fe2b3-d446-41f4-92c2-944665106ee2",
            "283ec891-1bf2-4026-8f92-6997f914581c",
            "de15639e-c5e3-421c-89dc-5b4675dedb4d",
            "1871fcae-26c1-429f-98c1-d86c9745a990",
            "4cf88ed9-94e4-46b6-bb14-527640d0eac3",
            "cd6be812-4596-4cf0-815a-43f9d0f84a77",
            "01ca3f78-81d9-427c-8baf-c7ed045b4a8f"
          ],
          "failures": [],
          "pending": [],
          "skipped": [],
          "duration": 6213,
          "root": false,
          "rootEmpty": false,
          "_timeout": 2000
        }
      ],
      "passes": [],
      "failures": [],
      "pending": [],
      "skipped": [],
      "duration": 0,
      "root": true,
      "rootEmpty": true,
      "_timeout": 2000
    },
    {
      "uuid": "4fe92deb-1c5e-4139-a196-c9f37511ce81",
      "title": "",
      "fullFile": "cypress\\e2e\\automation-test-store\\add-multiple-items-to-basket.js",
      "file": "cypress\\e2e\\automation-test-store\\add-multiple-items-to-basket.js",
      "beforeHooks": [],
      "afterHooks": [],
      "tests": [],
      "suites": [
        {
          "uuid": "c5f4e25a-f68e-4948-b96f-a0eb5ec14f5b",
          "title": "Add multiple items to basket",
          "fullFile": "",
          "file": "",
          "beforeHooks": [],
          "afterHooks": [],
          "tests": [
            {
              "title": "Add specific items to basket",
              "fullTitle": "Add multiple items to basket Add specific items to basket",
              "timedOut": null,
              "duration": 5119,
              "state": "passed",
              "speed": "medium",
              "pass": true,
              "fail": false,
              "pending": false,
              "context": null,
              "code": "autoStore_HairCare_PO.addHairCareProductsToBasket();\ncy.get('.product-list tbody tr:not(:first-child)').should('have.length', 3); // tr:not is excluding the table header in this case",
              "err": {},
              "uuid": "85f2e30f-67f1-4dd2-b4e4-c2a61413905e",
              "parentUUID": "c5f4e25a-f68e-4948-b96f-a0eb5ec14f5b",
              "isHook": false,
              "skipped": false
            }
          ],
          "suites": [],
          "passes": [
            "85f2e30f-67f1-4dd2-b4e4-c2a61413905e"
          ],
          "failures": [],
          "pending": [],
          "skipped": [],
          "duration": 5119,
          "root": false,
          "rootEmpty": false,
          "_timeout": 2000
        }
      ],
      "passes": [],
      "failures": [],
      "pending": [],
      "skipped": [],
      "duration": 0,
      "root": true,
      "rootEmpty": true,
      "_timeout": 2000
    }
  ],
  "meta": {
    "mocha": {
      "version": "7.0.1"
    },
    "mochawesome": {
      "options": {
        "quiet": false,
        "reportFilename": "mochawesome",
        "saveHtml": false,
        "saveJson": true,
        "consoleReporter": "spec",
        "useInlineDiffs": false,
        "code": true
      },
      "version": "7.1.3"
    },
    "marge": {
      "options": {
        "id": "default",
        "reportDir": "cypress/results/mochawesome",
        "quite": true,
        "overwrite": false,
        "html": false,
        "json": true
      },
      "version": "6.2.0"
    }
  }
}