{
  "stats": {
    "suites": 1,
    "tests": 16,
    "passes": 16,
    "pending": 0,
    "failures": 0,
    "start": "2023-02-22T07:17:34.907Z",
    "end": "2023-02-22T07:17:41.203Z",
    "duration": 6296,
    "testsRegistered": 16,
    "passPercent": 100,
    "pendingPercent": 0,
    "other": 0,
    "hasOther": false,
    "skipped": 0,
    "hasSkipped": false
  },
  "results": [
    {
      "uuid": "36c7126a-904c-4bf9-acfb-e3783dd5b850",
      "title": "",
      "fullFile": "cypress\\e2e\\webdriver-uni\\traversing-elements.js",
      "file": "cypress\\e2e\\webdriver-uni\\traversing-elements.js",
      "beforeHooks": [],
      "afterHooks": [],
      "tests": [],
      "suites": [
        {
          "uuid": "cc7a20d3-b475-4421-b5e7-62b068b8bb5a",
          "title": "Traversing DOM elements in Cypress",
          "fullFile": "",
          "file": "",
          "beforeHooks": [],
          "afterHooks": [],
          "tests": [
            {
              "title": "children() to get the children of DOM elements",
              "fullTitle": "Traversing DOM elements in Cypress children() to get the children of DOM elements",
              "timedOut": null,
              "duration": 984,
              "state": "passed",
              "speed": "fast",
              "pass": true,
              "fail": false,
              "pending": false,
              "context": null,
              "code": "cy.get(\".traversal-breadcrumb\").children('.active').should('contain', 'Contact Us');",
              "err": {},
              "uuid": "b8e31847-38b2-41b0-9c58-e392fa14cad7",
              "parentUUID": "cc7a20d3-b475-4421-b5e7-62b068b8bb5a",
              "isHook": false,
              "skipped": false
            },
            {
              "title": "closest() to validate the closest ancestor DOM element",
              "fullTitle": "Traversing DOM elements in Cypress closest() to validate the closest ancestor DOM element",
              "timedOut": null,
              "duration": 369,
              "state": "passed",
              "speed": "fast",
              "pass": true,
              "fail": false,
              "pending": false,
              "context": null,
              "code": "cy.get(\".traversal-badge\").closest('ul').should('have.class', 'list-group');",
              "err": {},
              "uuid": "c0460288-700d-4ebd-8acc-6da0e959b1a5",
              "parentUUID": "cc7a20d3-b475-4421-b5e7-62b068b8bb5a",
              "isHook": false,
              "skipped": false
            },
            {
              "title": "eq() to retrieve a specific element based on index",
              "fullTitle": "Traversing DOM elements in Cypress eq() to retrieve a specific element based on index",
              "timedOut": null,
              "duration": 317,
              "state": "passed",
              "speed": "fast",
              "pass": true,
              "fail": false,
              "pending": false,
              "context": null,
              "code": "cy.get(\".traversal-drinks-list > *\").eq(2).should('contain', 'Milk');",
              "err": {},
              "uuid": "e307c62b-ee0e-417c-b3bc-a1142da687c4",
              "parentUUID": "cc7a20d3-b475-4421-b5e7-62b068b8bb5a",
              "isHook": false,
              "skipped": false
            },
            {
              "title": "filter() to retrieve DOM elements that match a specific selector",
              "fullTitle": "Traversing DOM elements in Cypress filter() to retrieve DOM elements that match a specific selector",
              "timedOut": null,
              "duration": 311,
              "state": "passed",
              "speed": "fast",
              "pass": true,
              "fail": false,
              "pending": false,
              "context": null,
              "code": "cy.get(\".btn-group-toggle > *\").filter('.active').should('contain', 'Button-1');",
              "err": {},
              "uuid": "4abec466-2cf7-4861-8670-d91aeaf5b467",
              "parentUUID": "cc7a20d3-b475-4421-b5e7-62b068b8bb5a",
              "isHook": false,
              "skipped": false
            },
            {
              "title": "find() to retrieve DOM elements of a given selector",
              "fullTitle": "Traversing DOM elements in Cypress find() to retrieve DOM elements of a given selector",
              "timedOut": null,
              "duration": 339,
              "state": "passed",
              "speed": "fast",
              "pass": true,
              "fail": false,
              "pending": false,
              "context": null,
              "code": "cy.get(\".traversal-pagination\").find('li').find('a').should('have.length', 7);",
              "err": {},
              "uuid": "cad1eab7-df9e-4565-855f-b1d21dece3c6",
              "parentUUID": "cc7a20d3-b475-4421-b5e7-62b068b8bb5a",
              "isHook": false,
              "skipped": false
            },
            {
              "title": "first() to retrieve the first DOM element within elements ",
              "fullTitle": "Traversing DOM elements in Cypress first() to retrieve the first DOM element within elements ",
              "timedOut": null,
              "duration": 416,
              "state": "passed",
              "speed": "fast",
              "pass": true,
              "fail": false,
              "pending": false,
              "context": null,
              "code": "cy.get(\".traversal-table > tbody > tr > td\").first().should('contain', 'Andy');",
              "err": {},
              "uuid": "12f01f8c-deeb-47cd-8be0-9abfec9f7f83",
              "parentUUID": "cc7a20d3-b475-4421-b5e7-62b068b8bb5a",
              "isHook": false,
              "skipped": false
            },
            {
              "title": "last() to retrieve the last DOM element within elements",
              "fullTitle": "Traversing DOM elements in Cypress last() to retrieve the last DOM element within elements",
              "timedOut": null,
              "duration": 332,
              "state": "passed",
              "speed": "fast",
              "pass": true,
              "fail": false,
              "pending": false,
              "context": null,
              "code": "cy.get(\".traversal-table > tbody > tr > td\").last().should('contain', 'Scott');",
              "err": {},
              "uuid": "d745957a-e18f-4853-9356-76143daa4bdf",
              "parentUUID": "cc7a20d3-b475-4421-b5e7-62b068b8bb5a",
              "isHook": false,
              "skipped": false
            },
            {
              "title": "nextAll() to get all of the next sibling DOM elements within elements",
              "fullTitle": "Traversing DOM elements in Cypress nextAll() to get all of the next sibling DOM elements within elements",
              "timedOut": null,
              "duration": 354,
              "state": "passed",
              "speed": "fast",
              "pass": true,
              "fail": false,
              "pending": false,
              "context": null,
              "code": "cy.get(\".traversal-drinks-list\").contains('Tea').nextAll().should('have.length', 3); // ('contain', 'Milk', 'Espresso', 'Sugar');",
              "err": {},
              "uuid": "48aec7b8-3105-4742-9471-e09adad4a4ee",
              "parentUUID": "cc7a20d3-b475-4421-b5e7-62b068b8bb5a",
              "isHook": false,
              "skipped": false
            },
            {
              "title": "nextUntil() to get all of the next sibling DOM elements within elements until another element",
              "fullTitle": "Traversing DOM elements in Cypress nextUntil() to get all of the next sibling DOM elements within elements until another element",
              "timedOut": null,
              "duration": 317,
              "state": "passed",
              "speed": "fast",
              "pass": true,
              "fail": false,
              "pending": false,
              "context": null,
              "code": "cy.get(\"#coffee\").nextUntil('#milk');",
              "err": {},
              "uuid": "14d4e51c-b2f0-4295-a855-fb8413696284",
              "parentUUID": "cc7a20d3-b475-4421-b5e7-62b068b8bb5a",
              "isHook": false,
              "skipped": false
            },
            {
              "title": "not() to remove DOM element(s) from the set of elements",
              "fullTitle": "Traversing DOM elements in Cypress not() to remove DOM element(s) from the set of elements",
              "timedOut": null,
              "duration": 349,
              "state": "passed",
              "speed": "fast",
              "pass": true,
              "fail": false,
              "pending": false,
              "context": null,
              "code": "cy.get(\".traversal-button-states > button\").not('.disabled').should('not.have.class', 'disabled');",
              "err": {},
              "uuid": "e92fe2b3-d446-41f4-92c2-944665106ee2",
              "parentUUID": "cc7a20d3-b475-4421-b5e7-62b068b8bb5a",
              "isHook": false,
              "skipped": false
            },
            {
              "title": "parent() To get parent DOM element of elements",
              "fullTitle": "Traversing DOM elements in Cypress parent() To get parent DOM element of elements",
              "timedOut": null,
              "duration": 338,
              "state": "passed",
              "speed": "fast",
              "pass": true,
              "fail": false,
              "pending": false,
              "context": null,
              "code": "cy.get(\".traversal-mark\").parent().should('contain', 'Lorem ipsum dolor sit amet');",
              "err": {},
              "uuid": "283ec891-1bf2-4026-8f92-6997f914581c",
              "parentUUID": "cc7a20d3-b475-4421-b5e7-62b068b8bb5a",
              "isHook": false,
              "skipped": false
            },
            {
              "title": "parents() to get parents DOM element of elements",
              "fullTitle": "Traversing DOM elements in Cypress parents() to get parents DOM element of elements",
              "timedOut": null,
              "duration": 364,
              "state": "passed",
              "speed": "fast",
              "pass": true,
              "fail": false,
              "pending": false,
              "context": null,
              "code": "cy.get(\".traversal-cite\").parents().should('match', 'blockquote');",
              "err": {},
              "uuid": "de15639e-c5e3-421c-89dc-5b4675dedb4d",
              "parentUUID": "cc7a20d3-b475-4421-b5e7-62b068b8bb5a",
              "isHook": false,
              "skipped": false
            },
            {
              "title": "prev() to get the previous sibling DOM element within elements",
              "fullTitle": "Traversing DOM elements in Cypress prev() to get the previous sibling DOM element within elements",
              "timedOut": null,
              "duration": 393,
              "state": "passed",
              "speed": "fast",
              "pass": true,
              "fail": false,
              "pending": false,
              "context": null,
              "code": "cy.get(\"#sugar\").prev().contains('Espresso');",
              "err": {},
              "uuid": "1871fcae-26c1-429f-98c1-d86c9745a990",
              "parentUUID": "cc7a20d3-b475-4421-b5e7-62b068b8bb5a",
              "isHook": false,
              "skipped": false
            },
            {
              "title": "prevAll() to get all previous sibling DOM elements within elements",
              "fullTitle": "Traversing DOM elements in Cypress prevAll() to get all previous sibling DOM elements within elements",
              "timedOut": null,
              "duration": 352,
              "state": "passed",
              "speed": "fast",
              "pass": true,
              "fail": false,
              "pending": false,
              "context": null,
              "code": "cy.get(\".sales\").prevAll().should('have.length', 2);",
              "err": {},
              "uuid": "4cf88ed9-94e4-46b6-bb14-527640d0eac3",
              "parentUUID": "cc7a20d3-b475-4421-b5e7-62b068b8bb5a",
              "isHook": false,
              "skipped": false
            },
            {
              "title": "prevUntil() to get all previous sibling DOM elements within elements until other element",
              "fullTitle": "Traversing DOM elements in Cypress prevUntil() to get all previous sibling DOM elements within elements until other element",
              "timedOut": null,
              "duration": 341,
              "state": "passed",
              "speed": "fast",
              "pass": true,
              "fail": false,
              "pending": false,
              "context": null,
              "code": "cy.get(\"#veggie\").prevUntil('#fruits').should('have.length', 5);",
              "err": {},
              "uuid": "cd6be812-4596-4cf0-815a-43f9d0f84a77",
              "parentUUID": "cc7a20d3-b475-4421-b5e7-62b068b8bb5a",
              "isHook": false,
              "skipped": false
            },
            {
              "title": "siblings() To get all sibling DOM elements of elements",
              "fullTitle": "Traversing DOM elements in Cypress siblings() To get all sibling DOM elements of elements",
              "timedOut": null,
              "duration": 337,
              "state": "passed",
              "speed": "fast",
              "pass": true,
              "fail": false,
              "pending": false,
              "context": null,
              "code": "cy.get(\".traversal-button-other-states .active\").siblings().should('have.length', 3);",
              "err": {},
              "uuid": "01ca3f78-81d9-427c-8baf-c7ed045b4a8f",
              "parentUUID": "cc7a20d3-b475-4421-b5e7-62b068b8bb5a",
              "isHook": false,
              "skipped": false
            }
          ],
          "suites": [],
          "passes": [
            "b8e31847-38b2-41b0-9c58-e392fa14cad7",
            "c0460288-700d-4ebd-8acc-6da0e959b1a5",
            "e307c62b-ee0e-417c-b3bc-a1142da687c4",
            "4abec466-2cf7-4861-8670-d91aeaf5b467",
            "cad1eab7-df9e-4565-855f-b1d21dece3c6",
            "12f01f8c-deeb-47cd-8be0-9abfec9f7f83",
            "d745957a-e18f-4853-9356-76143daa4bdf",
            "48aec7b8-3105-4742-9471-e09adad4a4ee",
            "14d4e51c-b2f0-4295-a855-fb8413696284",
            "e92fe2b3-d446-41f4-92c2-944665106ee2",
            "283ec891-1bf2-4026-8f92-6997f914581c",
            "de15639e-c5e3-421c-89dc-5b4675dedb4d",
            "1871fcae-26c1-429f-98c1-d86c9745a990",
            "4cf88ed9-94e4-46b6-bb14-527640d0eac3",
            "cd6be812-4596-4cf0-815a-43f9d0f84a77",
            "01ca3f78-81d9-427c-8baf-c7ed045b4a8f"
          ],
          "failures": [],
          "pending": [],
          "skipped": [],
          "duration": 6213,
          "root": false,
          "rootEmpty": false,
          "_timeout": 2000
        }
      ],
      "passes": [],
      "failures": [],
      "pending": [],
      "skipped": [],
      "duration": 0,
      "root": true,
      "rootEmpty": true,
      "_timeout": 2000
    }
  ],
  "meta": {
    "mocha": {
      "version": "7.0.1"
    },
    "mochawesome": {
      "options": {
        "quiet": false,
        "reportFilename": "mochawesome",
        "saveHtml": false,
        "saveJson": true,
        "consoleReporter": "spec",
        "useInlineDiffs": false,
        "code": true
      },
      "version": "7.1.3"
    },
    "marge": {
      "options": {
        "id": "default",
        "reportDir": "cypress/results/mochawesome",
        "quite": true,
        "overwrite": false,
        "html": false,
        "json": true
      },
      "version": "6.2.0"
    }
  }
}