{
  "stats": {
    "suites": 1,
    "tests": 4,
    "passes": 4,
    "pending": 0,
    "failures": 0,
    "start": "2023-02-22T07:17:18.195Z",
    "end": "2023-02-22T07:17:20.338Z",
    "duration": 2143,
    "testsRegistered": 4,
    "passPercent": 100,
    "pendingPercent": 0,
    "other": 0,
    "hasOther": false,
    "skipped": 0,
    "hasSkipped": false
  },
  "results": [
    {
      "uuid": "f31015ab-1b3d-4d7c-97eb-92e258a56da1",
      "title": "",
      "fullFile": "cypress\\e2e\\webdriver-uni\\js-alerts.js",
      "file": "cypress\\e2e\\webdriver-uni\\js-alerts.js",
      "beforeHooks": [],
      "afterHooks": [],
      "tests": [],
      "suites": [
        {
          "uuid": "10ff2237-578e-4cb8-9481-be5ddaa8c45e",
          "title": "Handle js alerts",
          "fullFile": "",
          "file": "",
          "beforeHooks": [],
          "afterHooks": [],
          "tests": [
            {
              "title": "Confirm js alerts contains the correct text",
              "fullTitle": "Handle js alerts Confirm js alerts contains the correct text",
              "timedOut": null,
              "duration": 997,
              "state": "passed",
              "speed": "fast",
              "pass": true,
              "fail": false,
              "pending": false,
              "context": null,
              "code": "cy.get(\"#button1\").click();\ncy.on('window:alert', str => {\n  expect(str).to.equal('I am an alert box!');\n});",
              "err": {},
              "uuid": "1d65d7d2-a0c5-4c0e-920f-2f0fc475ee9f",
              "parentUUID": "10ff2237-578e-4cb8-9481-be5ddaa8c45e",
              "isHook": false,
              "skipped": false
            },
            {
              "title": "Validate js confirm alert box works correctly when clicking ok",
              "fullTitle": "Handle js alerts Validate js confirm alert box works correctly when clicking ok",
              "timedOut": null,
              "duration": 391,
              "state": "passed",
              "speed": "fast",
              "pass": true,
              "fail": false,
              "pending": false,
              "context": null,
              "code": "cy.get(\"#button4\").click();\ncy.on('window:confirm', str => {\n  return true;\n});\ncy.get(\"#confirm-alert-text\").contains('You pressed OK!');",
              "err": {},
              "uuid": "14c667f7-8369-4628-b5bc-e6194672e509",
              "parentUUID": "10ff2237-578e-4cb8-9481-be5ddaa8c45e",
              "isHook": false,
              "skipped": false
            },
            {
              "title": "Validate js confirm alert box works correctly when clicking cancel",
              "fullTitle": "Handle js alerts Validate js confirm alert box works correctly when clicking cancel",
              "timedOut": null,
              "duration": 360,
              "state": "passed",
              "speed": "fast",
              "pass": true,
              "fail": false,
              "pending": false,
              "context": null,
              "code": "cy.get(\"#button4\").click();\ncy.on('window:confirm', str => {\n  return false;\n});\ncy.get('#confirm-alert-text').contains('You pressed Cancel!');",
              "err": {},
              "uuid": "5bd3b483-1571-4c9b-b4ee-0f57460a3e79",
              "parentUUID": "10ff2237-578e-4cb8-9481-be5ddaa8c45e",
              "isHook": false,
              "skipped": false
            },
            {
              "title": "Validate js confirm alert box using a stub",
              "fullTitle": "Handle js alerts Validate js confirm alert box using a stub",
              "timedOut": null,
              "duration": 369,
              "state": "passed",
              "speed": "fast",
              "pass": true,
              "fail": false,
              "pending": false,
              "context": null,
              "code": "const stub = cy.stub();\ncy.on('window:confirm', stub);\ncy.get('#button4').click().then(() => {\n  expect(stub.getCall(0)).to.be.calledWith('Press a button!');\n}).then(() => {\n  return true;\n}).then(() => {\n  cy.get(\"#confirm-alert-text\").contains('You pressed OK!');\n});",
              "err": {},
              "uuid": "3f284a83-101d-4e6a-b2f7-6ec67bf7a4ca",
              "parentUUID": "10ff2237-578e-4cb8-9481-be5ddaa8c45e",
              "isHook": false,
              "skipped": false
            }
          ],
          "suites": [],
          "passes": [
            "1d65d7d2-a0c5-4c0e-920f-2f0fc475ee9f",
            "14c667f7-8369-4628-b5bc-e6194672e509",
            "5bd3b483-1571-4c9b-b4ee-0f57460a3e79",
            "3f284a83-101d-4e6a-b2f7-6ec67bf7a4ca"
          ],
          "failures": [],
          "pending": [],
          "skipped": [],
          "duration": 2117,
          "root": false,
          "rootEmpty": false,
          "_timeout": 2000
        }
      ],
      "passes": [],
      "failures": [],
      "pending": [],
      "skipped": [],
      "duration": 0,
      "root": true,
      "rootEmpty": true,
      "_timeout": 2000
    }
  ],
  "meta": {
    "mocha": {
      "version": "7.0.1"
    },
    "mochawesome": {
      "options": {
        "quiet": false,
        "reportFilename": "mochawesome",
        "saveHtml": false,
        "saveJson": true,
        "consoleReporter": "spec",
        "useInlineDiffs": false,
        "code": true
      },
      "version": "7.1.3"
    },
    "marge": {
      "options": {
        "id": "default",
        "reportDir": "cypress/results/mochawesome",
        "quite": true,
        "overwrite": false,
        "html": false,
        "json": true
      },
      "version": "6.2.0"
    }
  }
}