{
  "stats": {
    "suites": 1,
    "tests": 16,
    "passes": 16,
    "pending": 0,
    "failures": 0,
    "start": "2023-02-21T14:27:01.356Z",
    "end": "2023-02-21T14:27:07.020Z",
    "duration": 5664,
    "testsRegistered": 16,
    "passPercent": 100,
    "pendingPercent": 0,
    "other": 0,
    "hasOther": false,
    "skipped": 0,
    "hasSkipped": false
  },
  "results": [
    {
      "uuid": "62de29c5-5b73-4046-8514-9edd63db726a",
      "title": "",
      "fullFile": "cypress\\e2e\\webdriver-uni\\traversing-elements.js",
      "file": "cypress\\e2e\\webdriver-uni\\traversing-elements.js",
      "beforeHooks": [],
      "afterHooks": [],
      "tests": [],
      "suites": [
        {
          "uuid": "d8513304-fed6-4962-9625-8def64524449",
          "title": "Traversing DOM elements in Cypress",
          "fullFile": "",
          "file": "",
          "beforeHooks": [],
          "afterHooks": [],
          "tests": [
            {
              "title": "children() to get the children of DOM elements",
              "fullTitle": "Traversing DOM elements in Cypress children() to get the children of DOM elements",
              "timedOut": null,
              "duration": 866,
              "state": "passed",
              "speed": "fast",
              "pass": true,
              "fail": false,
              "pending": false,
              "context": null,
              "code": "cy.get(\".traversal-breadcrumb\").children('.active').should('contain', 'Contact Us');",
              "err": {},
              "uuid": "7932d3b1-c718-48e5-beba-11b1fe41d8ce",
              "parentUUID": "d8513304-fed6-4962-9625-8def64524449",
              "isHook": false,
              "skipped": false
            },
            {
              "title": "closest() to validate the closest ancestor DOM element",
              "fullTitle": "Traversing DOM elements in Cypress closest() to validate the closest ancestor DOM element",
              "timedOut": null,
              "duration": 331,
              "state": "passed",
              "speed": "fast",
              "pass": true,
              "fail": false,
              "pending": false,
              "context": null,
              "code": "cy.get(\".traversal-badge\").closest('ul').should('have.class', 'list-group');",
              "err": {},
              "uuid": "c4d420b0-aebb-43db-b7e7-ee76459a399a",
              "parentUUID": "d8513304-fed6-4962-9625-8def64524449",
              "isHook": false,
              "skipped": false
            },
            {
              "title": "eq() to retrieve a specific element based on index",
              "fullTitle": "Traversing DOM elements in Cypress eq() to retrieve a specific element based on index",
              "timedOut": null,
              "duration": 290,
              "state": "passed",
              "speed": "fast",
              "pass": true,
              "fail": false,
              "pending": false,
              "context": null,
              "code": "cy.get(\".traversal-drinks-list > *\").eq(2).should('contain', 'Milk');",
              "err": {},
              "uuid": "295ff536-3be3-434e-b0af-eda5a14edacf",
              "parentUUID": "d8513304-fed6-4962-9625-8def64524449",
              "isHook": false,
              "skipped": false
            },
            {
              "title": "filter() to retrieve DOM elements that match a specific selector",
              "fullTitle": "Traversing DOM elements in Cypress filter() to retrieve DOM elements that match a specific selector",
              "timedOut": null,
              "duration": 285,
              "state": "passed",
              "speed": "fast",
              "pass": true,
              "fail": false,
              "pending": false,
              "context": null,
              "code": "cy.get(\".btn-group-toggle > *\").filter('.active').should('contain', 'Button-1');",
              "err": {},
              "uuid": "676b9455-1a68-4091-87fb-05772a613946",
              "parentUUID": "d8513304-fed6-4962-9625-8def64524449",
              "isHook": false,
              "skipped": false
            },
            {
              "title": "find() to retrieve DOM elements of a given selector",
              "fullTitle": "Traversing DOM elements in Cypress find() to retrieve DOM elements of a given selector",
              "timedOut": null,
              "duration": 311,
              "state": "passed",
              "speed": "fast",
              "pass": true,
              "fail": false,
              "pending": false,
              "context": null,
              "code": "cy.get(\".traversal-pagination\").find('li').find('a').should('have.length', 7);",
              "err": {},
              "uuid": "a5031ffa-b02b-420e-9986-a17ccb28c541",
              "parentUUID": "d8513304-fed6-4962-9625-8def64524449",
              "isHook": false,
              "skipped": false
            },
            {
              "title": "first() to retrieve the first DOM element within elements ",
              "fullTitle": "Traversing DOM elements in Cypress first() to retrieve the first DOM element within elements ",
              "timedOut": null,
              "duration": 296,
              "state": "passed",
              "speed": "fast",
              "pass": true,
              "fail": false,
              "pending": false,
              "context": null,
              "code": "cy.get(\".traversal-table > tbody > tr > td\").first().should('contain', 'Andy');",
              "err": {},
              "uuid": "f6d58df1-5a40-41ec-aea7-29b13d932c09",
              "parentUUID": "d8513304-fed6-4962-9625-8def64524449",
              "isHook": false,
              "skipped": false
            },
            {
              "title": "last() to retrieve the last DOM element within elements",
              "fullTitle": "Traversing DOM elements in Cypress last() to retrieve the last DOM element within elements",
              "timedOut": null,
              "duration": 278,
              "state": "passed",
              "speed": "fast",
              "pass": true,
              "fail": false,
              "pending": false,
              "context": null,
              "code": "cy.get(\".traversal-table > tbody > tr > td\").last().should('contain', 'Scott');",
              "err": {},
              "uuid": "a22eb02c-91ed-48ee-8166-4e99e4247703",
              "parentUUID": "d8513304-fed6-4962-9625-8def64524449",
              "isHook": false,
              "skipped": false
            },
            {
              "title": "nextAll() to get all of the next sibling DOM elements within elements",
              "fullTitle": "Traversing DOM elements in Cypress nextAll() to get all of the next sibling DOM elements within elements",
              "timedOut": null,
              "duration": 324,
              "state": "passed",
              "speed": "fast",
              "pass": true,
              "fail": false,
              "pending": false,
              "context": null,
              "code": "cy.get(\".traversal-drinks-list\").contains('Tea').nextAll().should('have.length', 3); // ('contain', 'Milk', 'Espresso', 'Sugar');",
              "err": {},
              "uuid": "b4c20db2-90ec-4606-b8e0-ab18350a945f",
              "parentUUID": "d8513304-fed6-4962-9625-8def64524449",
              "isHook": false,
              "skipped": false
            },
            {
              "title": "nextUntil() to get all of the next sibling DOM elements within elements until another element",
              "fullTitle": "Traversing DOM elements in Cypress nextUntil() to get all of the next sibling DOM elements within elements until another element",
              "timedOut": null,
              "duration": 271,
              "state": "passed",
              "speed": "fast",
              "pass": true,
              "fail": false,
              "pending": false,
              "context": null,
              "code": "cy.get(\"#coffee\").nextUntil('#milk');",
              "err": {},
              "uuid": "ce6633ff-ccc0-4b6b-ab7c-6a1bcaa5d229",
              "parentUUID": "d8513304-fed6-4962-9625-8def64524449",
              "isHook": false,
              "skipped": false
            },
            {
              "title": "not() to remove DOM element(s) from the set of elements",
              "fullTitle": "Traversing DOM elements in Cypress not() to remove DOM element(s) from the set of elements",
              "timedOut": null,
              "duration": 287,
              "state": "passed",
              "speed": "fast",
              "pass": true,
              "fail": false,
              "pending": false,
              "context": null,
              "code": "cy.get(\".traversal-button-states > button\").not('.disabled').should('not.have.class', 'disabled');",
              "err": {},
              "uuid": "e4cabfdd-6512-4ea7-a145-159abb986975",
              "parentUUID": "d8513304-fed6-4962-9625-8def64524449",
              "isHook": false,
              "skipped": false
            },
            {
              "title": "parent() To get parent DOM element of elements",
              "fullTitle": "Traversing DOM elements in Cypress parent() To get parent DOM element of elements",
              "timedOut": null,
              "duration": 273,
              "state": "passed",
              "speed": "fast",
              "pass": true,
              "fail": false,
              "pending": false,
              "context": null,
              "code": "cy.get(\".traversal-mark\").parent().should('contain', 'Lorem ipsum dolor sit amet');",
              "err": {},
              "uuid": "09377c9d-6466-43ac-b270-03b9e94f32c1",
              "parentUUID": "d8513304-fed6-4962-9625-8def64524449",
              "isHook": false,
              "skipped": false
            },
            {
              "title": "parents() to get parents DOM element of elements",
              "fullTitle": "Traversing DOM elements in Cypress parents() to get parents DOM element of elements",
              "timedOut": null,
              "duration": 287,
              "state": "passed",
              "speed": "fast",
              "pass": true,
              "fail": false,
              "pending": false,
              "context": null,
              "code": "cy.get(\".traversal-cite\").parents().should('match', 'blockquote');",
              "err": {},
              "uuid": "54e9a432-5b33-4d5c-a9e3-72ee65711958",
              "parentUUID": "d8513304-fed6-4962-9625-8def64524449",
              "isHook": false,
              "skipped": false
            },
            {
              "title": "prev() to get the previous sibling DOM element within elements",
              "fullTitle": "Traversing DOM elements in Cypress prev() to get the previous sibling DOM element within elements",
              "timedOut": null,
              "duration": 360,
              "state": "passed",
              "speed": "fast",
              "pass": true,
              "fail": false,
              "pending": false,
              "context": null,
              "code": "cy.get(\"#sugar\").prev().contains('Espresso');",
              "err": {},
              "uuid": "c1865817-9e37-4322-8ef0-363124c97ce2",
              "parentUUID": "d8513304-fed6-4962-9625-8def64524449",
              "isHook": false,
              "skipped": false
            },
            {
              "title": "prevAll() to get all previous sibling DOM elements within elements",
              "fullTitle": "Traversing DOM elements in Cypress prevAll() to get all previous sibling DOM elements within elements",
              "timedOut": null,
              "duration": 360,
              "state": "passed",
              "speed": "fast",
              "pass": true,
              "fail": false,
              "pending": false,
              "context": null,
              "code": "cy.get(\".sales\").prevAll().should('have.length', 2);",
              "err": {},
              "uuid": "d3507a2e-3d77-4ade-b5dd-9da4daff98d1",
              "parentUUID": "d8513304-fed6-4962-9625-8def64524449",
              "isHook": false,
              "skipped": false
            },
            {
              "title": "prevUntil() to get all previous sibling DOM elements within elements until other element",
              "fullTitle": "Traversing DOM elements in Cypress prevUntil() to get all previous sibling DOM elements within elements until other element",
              "timedOut": null,
              "duration": 390,
              "state": "passed",
              "speed": "fast",
              "pass": true,
              "fail": false,
              "pending": false,
              "context": null,
              "code": "cy.get(\"#veggie\").prevUntil('#fruits').should('have.length', 5);",
              "err": {},
              "uuid": "1f898f37-12a4-439f-98ed-38f25736ab77",
              "parentUUID": "d8513304-fed6-4962-9625-8def64524449",
              "isHook": false,
              "skipped": false
            },
            {
              "title": "siblings() To get all sibling DOM elements of elements",
              "fullTitle": "Traversing DOM elements in Cypress siblings() To get all sibling DOM elements of elements",
              "timedOut": null,
              "duration": 385,
              "state": "passed",
              "speed": "fast",
              "pass": true,
              "fail": false,
              "pending": false,
              "context": null,
              "code": "cy.get(\".traversal-button-other-states .active\").siblings().should('have.length', 3);",
              "err": {},
              "uuid": "02b9cd6e-f850-414c-9ac7-66e9d243323b",
              "parentUUID": "d8513304-fed6-4962-9625-8def64524449",
              "isHook": false,
              "skipped": false
            }
          ],
          "suites": [],
          "passes": [
            "7932d3b1-c718-48e5-beba-11b1fe41d8ce",
            "c4d420b0-aebb-43db-b7e7-ee76459a399a",
            "295ff536-3be3-434e-b0af-eda5a14edacf",
            "676b9455-1a68-4091-87fb-05772a613946",
            "a5031ffa-b02b-420e-9986-a17ccb28c541",
            "f6d58df1-5a40-41ec-aea7-29b13d932c09",
            "a22eb02c-91ed-48ee-8166-4e99e4247703",
            "b4c20db2-90ec-4606-b8e0-ab18350a945f",
            "ce6633ff-ccc0-4b6b-ab7c-6a1bcaa5d229",
            "e4cabfdd-6512-4ea7-a145-159abb986975",
            "09377c9d-6466-43ac-b270-03b9e94f32c1",
            "54e9a432-5b33-4d5c-a9e3-72ee65711958",
            "c1865817-9e37-4322-8ef0-363124c97ce2",
            "d3507a2e-3d77-4ade-b5dd-9da4daff98d1",
            "1f898f37-12a4-439f-98ed-38f25736ab77",
            "02b9cd6e-f850-414c-9ac7-66e9d243323b"
          ],
          "failures": [],
          "pending": [],
          "skipped": [],
          "duration": 5594,
          "root": false,
          "rootEmpty": false,
          "_timeout": 2000
        }
      ],
      "passes": [],
      "failures": [],
      "pending": [],
      "skipped": [],
      "duration": 0,
      "root": true,
      "rootEmpty": true,
      "_timeout": 2000
    }
  ],
  "meta": {
    "mocha": {
      "version": "7.0.1"
    },
    "mochawesome": {
      "options": {
        "quiet": false,
        "reportFilename": "mochawesome",
        "saveHtml": false,
        "saveJson": true,
        "consoleReporter": "spec",
        "useInlineDiffs": false,
        "code": true
      },
      "version": "7.1.3"
    },
    "marge": {
      "options": {
        "id": "default",
        "reportDir": "cypress/results/mochawesome",
        "quite": true,
        "overwrite": false,
        "html": false,
        "json": true
      },
      "version": "6.2.0"
    }
  }
}