{
  "stats": {
    "suites": 1,
    "tests": 2,
    "passes": 2,
    "pending": 0,
    "failures": 0,
    "start": "2023-02-22T07:17:10.038Z",
    "end": "2023-02-22T07:17:11.532Z",
    "duration": 1494,
    "testsRegistered": 2,
    "passPercent": 100,
    "pendingPercent": 0,
    "other": 0,
    "hasOther": false,
    "skipped": 0,
    "hasSkipped": false
  },
  "results": [
    {
      "uuid": "dda22588-e9e9-4216-b88e-5697898fe72b",
      "title": "",
      "fullFile": "cypress\\e2e\\webdriver-uni\\file-upload.js",
      "file": "cypress\\e2e\\webdriver-uni\\file-upload.js",
      "beforeHooks": [],
      "afterHooks": [],
      "tests": [],
      "suites": [
        {
          "uuid": "6a0e0e8a-8550-43f7-8f43-93e7f0d5d148",
          "title": "Test file upload via webdriveruni",
          "fullFile": "",
          "file": "",
          "beforeHooks": [],
          "afterHooks": [],
          "tests": [
            {
              "title": "Upload a file...",
              "fullTitle": "Test file upload via webdriveruni Upload a file...",
              "timedOut": null,
              "duration": 1019,
              "state": "passed",
              "speed": "fast",
              "pass": true,
              "fail": false,
              "pending": false,
              "context": null,
              "code": "cy.visit(\"/\");\ncy.get(\"#file-upload\").invoke('removeAttr', 'target').click({\n  force: true\n});\ncy.get(\"#myFile\").selectFile('cypress/fixtures/laptop.png');\ncy.get(\"#submit-button\").click();\ncy.on('window:alert', str => {\n  expect(str).to.equal(\"Your file has now been uploaded!\");\n});",
              "err": {},
              "uuid": "3684264f-37e1-47ca-a4e0-b72ed4f2fab2",
              "parentUUID": "6a0e0e8a-8550-43f7-8f43-93e7f0d5d148",
              "isHook": false,
              "skipped": false
            },
            {
              "title": "Validate no file attached",
              "fullTitle": "Test file upload via webdriveruni Validate no file attached",
              "timedOut": null,
              "duration": 436,
              "state": "passed",
              "speed": "fast",
              "pass": true,
              "fail": false,
              "pending": false,
              "context": null,
              "code": "cy.visit(\"/\");\ncy.get(\"#file-upload\").invoke('removeAttr', 'target').click({\n  force: true\n});\ncy.get(\"#submit-button\").click();\ncy.on('window:alert', str => {\n  expect(str).to.equal(\"You need to select a file to upload!\");\n});",
              "err": {},
              "uuid": "81da6886-1853-4c76-a6e8-374fd18e6ec3",
              "parentUUID": "6a0e0e8a-8550-43f7-8f43-93e7f0d5d148",
              "isHook": false,
              "skipped": false
            }
          ],
          "suites": [],
          "passes": [
            "3684264f-37e1-47ca-a4e0-b72ed4f2fab2",
            "81da6886-1853-4c76-a6e8-374fd18e6ec3"
          ],
          "failures": [],
          "pending": [],
          "skipped": [],
          "duration": 1455,
          "root": false,
          "rootEmpty": false,
          "_timeout": 2000
        }
      ],
      "passes": [],
      "failures": [],
      "pending": [],
      "skipped": [],
      "duration": 0,
      "root": true,
      "rootEmpty": true,
      "_timeout": 2000
    }
  ],
  "meta": {
    "mocha": {
      "version": "7.0.1"
    },
    "mochawesome": {
      "options": {
        "quiet": false,
        "reportFilename": "mochawesome",
        "saveHtml": false,
        "saveJson": true,
        "consoleReporter": "spec",
        "useInlineDiffs": false,
        "code": true
      },
      "version": "7.1.3"
    },
    "marge": {
      "options": {
        "id": "default",
        "reportDir": "cypress/results/mochawesome",
        "quite": true,
        "overwrite": false,
        "html": false,
        "json": true
      },
      "version": "6.2.0"
    }
  }
}