{
  "stats": {
    "suites": 1,
    "tests": 2,
    "passes": 2,
    "pending": 0,
    "failures": 0,
    "start": "2023-02-21T14:26:51.866Z",
    "end": "2023-02-21T14:26:53.654Z",
    "duration": 1788,
    "testsRegistered": 2,
    "passPercent": 100,
    "pendingPercent": 0,
    "other": 0,
    "hasOther": false,
    "skipped": 0,
    "hasSkipped": false
  },
  "results": [
    {
      "uuid": "2ef2a7dd-9955-4570-96b9-497b23c40392",
      "title": "",
      "fullFile": "cypress\\e2e\\webdriver-uni\\radio-buttons.js",
      "file": "cypress\\e2e\\webdriver-uni\\radio-buttons.js",
      "beforeHooks": [],
      "afterHooks": [],
      "tests": [],
      "suites": [
        {
          "uuid": "b80d13cb-82a0-4182-aece-f64887909f29",
          "title": "Verify radio buttons via WebdriverUni",
          "fullFile": "",
          "file": "",
          "beforeHooks": [],
          "afterHooks": [],
          "tests": [
            {
              "title": "Check specific radio buttons",
              "fullTitle": "Verify radio buttons via WebdriverUni Check specific radio buttons",
              "timedOut": null,
              "duration": 1267,
              "state": "passed",
              "speed": "fast",
              "pass": true,
              "fail": false,
              "pending": false,
              "context": null,
              "code": "cy.get(\"#radio-buttons\").find(\"input[type='radio']\").eq(2).check();",
              "err": {},
              "uuid": "b16ba975-5cad-4a5a-97cd-a7e063d9a95b",
              "parentUUID": "b80d13cb-82a0-4182-aece-f64887909f29",
              "isHook": false,
              "skipped": false
            },
            {
              "title": "Validate state of specific radio buttons",
              "fullTitle": "Verify radio buttons via WebdriverUni Validate state of specific radio buttons",
              "timedOut": null,
              "duration": 500,
              "state": "passed",
              "speed": "fast",
              "pass": true,
              "fail": false,
              "pending": false,
              "context": null,
              "code": "cy.get(\"#radio-buttons\").find(\"input[type='radio']\").eq(2).check();\ncy.get(\"[value='lettuce']\").should('not.be.checked');\ncy.get(\"[value='pumpkin']\").should('be.checked');\ncy.get(\"[value='lettuce']\").check();\ncy.get(\"[value='lettuce']\").should('be.checked');\ncy.get(\"[value='pumpkin']\").should('not.be.checked');\ncy.get(\"[value='cabbage']\").should('be.disabled');",
              "err": {},
              "uuid": "d610a326-5514-4edc-ab37-3a610594d3c7",
              "parentUUID": "b80d13cb-82a0-4182-aece-f64887909f29",
              "isHook": false,
              "skipped": false
            }
          ],
          "suites": [],
          "passes": [
            "b16ba975-5cad-4a5a-97cd-a7e063d9a95b",
            "d610a326-5514-4edc-ab37-3a610594d3c7"
          ],
          "failures": [],
          "pending": [],
          "skipped": [],
          "duration": 1767,
          "root": false,
          "rootEmpty": false,
          "_timeout": 2000
        }
      ],
      "passes": [],
      "failures": [],
      "pending": [],
      "skipped": [],
      "duration": 0,
      "root": true,
      "rootEmpty": true,
      "_timeout": 2000
    }
  ],
  "meta": {
    "mocha": {
      "version": "7.0.1"
    },
    "mochawesome": {
      "options": {
        "quiet": false,
        "reportFilename": "mochawesome",
        "saveHtml": false,
        "saveJson": true,
        "consoleReporter": "spec",
        "useInlineDiffs": false,
        "code": true
      },
      "version": "7.1.3"
    },
    "marge": {
      "options": {
        "id": "default",
        "reportDir": "cypress/results/mochawesome",
        "quite": true,
        "overwrite": false,
        "html": false,
        "json": true
      },
      "version": "6.2.0"
    }
  }
}