{
  "stats": {
    "suites": 1,
    "tests": 1,
    "passes": 1,
    "pending": 0,
    "failures": 0,
    "start": "2023-02-21T14:26:11.084Z",
    "end": "2023-02-21T14:26:15.277Z",
    "duration": 4193,
    "testsRegistered": 1,
    "passPercent": 100,
    "pendingPercent": 0,
    "other": 0,
    "hasOther": false,
    "skipped": 0,
    "hasSkipped": false
  },
  "results": [
    {
      "uuid": "dd5ece62-f44d-49a3-a694-f9e74ad3cb67",
      "title": "",
      "fullFile": "cypress\\e2e\\webdriver-uni\\browser-navigation.js",
      "file": "cypress\\e2e\\webdriver-uni\\browser-navigation.js",
      "beforeHooks": [],
      "afterHooks": [],
      "tests": [],
      "suites": [
        {
          "uuid": "41c36975-0662-4664-b59c-c586faf02b06",
          "title": "Validate webdriveruni homepage links",
          "fullFile": "",
          "file": "",
          "beforeHooks": [],
          "afterHooks": [],
          "tests": [
            {
              "title": "Confirm links redirect to the correct pages",
              "fullTitle": "Validate webdriveruni homepage links Confirm links redirect to the correct pages",
              "timedOut": null,
              "duration": 4156,
              "state": "passed",
              "speed": "fast",
              "pass": true,
              "fail": false,
              "pending": false,
              "context": null,
              "code": "cy.visit(\"/\");\ncy.get(\"#contact-us\").invoke('removeAttr', 'target').click({\n  force: true\n});\ncy.url().should('include', 'contactus');\ncy.go('back');\ncy.reload();\ncy.url().should('include', 'http://www.webdriveruniversity.com/');\n// cy.reload(true); // reload without using cache\ncy.go('forward');\ncy.url().should('include', 'contactus');\ncy.go('back');\ncy.get(\"#login-portal\").invoke('removeAttr', 'target').click({\n  force: true\n});\ncy.url().should('include', 'Login-Portal');\ncy.go('back');\ncy.get(\"#to-do-list\").invoke('removeAttr', 'target').click({\n  force: true\n});\ncy.url().should('include', 'To-Do-List');\ncy.go('back');",
              "err": {},
              "uuid": "758cb529-4ac3-4864-9ad6-bd1233cbd5d5",
              "parentUUID": "41c36975-0662-4664-b59c-c586faf02b06",
              "isHook": false,
              "skipped": false
            }
          ],
          "suites": [],
          "passes": [
            "758cb529-4ac3-4864-9ad6-bd1233cbd5d5"
          ],
          "failures": [],
          "pending": [],
          "skipped": [],
          "duration": 4156,
          "root": false,
          "rootEmpty": false,
          "_timeout": 2000
        }
      ],
      "passes": [],
      "failures": [],
      "pending": [],
      "skipped": [],
      "duration": 0,
      "root": true,
      "rootEmpty": true,
      "_timeout": 2000
    }
  ],
  "meta": {
    "mocha": {
      "version": "7.0.1"
    },
    "mochawesome": {
      "options": {
        "quiet": false,
        "reportFilename": "mochawesome",
        "saveHtml": false,
        "saveJson": true,
        "consoleReporter": "spec",
        "useInlineDiffs": false,
        "code": true
      },
      "version": "7.1.3"
    },
    "marge": {
      "options": {
        "id": "default",
        "reportDir": "cypress/results/mochawesome",
        "quite": true,
        "overwrite": false,
        "html": false,
        "json": true
      },
      "version": "6.2.0"
    }
  }
}