{
  "stats": {
    "suites": 1,
    "tests": 2,
    "passes": 2,
    "pending": 0,
    "failures": 0,
    "start": "2023-02-21T14:26:35.665Z",
    "end": "2023-02-21T14:26:37.647Z",
    "duration": 1982,
    "testsRegistered": 2,
    "passPercent": 100,
    "pendingPercent": 0,
    "other": 0,
    "hasOther": false,
    "skipped": 0,
    "hasSkipped": false
  },
  "results": [
    {
      "uuid": "939dffd0-4c8c-4962-b221-94a5217b3d20",
      "title": "",
      "fullFile": "cypress\\e2e\\webdriver-uni\\file-upload.js",
      "file": "cypress\\e2e\\webdriver-uni\\file-upload.js",
      "beforeHooks": [],
      "afterHooks": [],
      "tests": [],
      "suites": [
        {
          "uuid": "b88421bd-aa5e-47f9-abb0-b0e9eaf4dff9",
          "title": "Test file upload via webdriveruni",
          "fullFile": "",
          "file": "",
          "beforeHooks": [],
          "afterHooks": [],
          "tests": [
            {
              "title": "Upload a file...",
              "fullTitle": "Test file upload via webdriveruni Upload a file...",
              "timedOut": null,
              "duration": 1007,
              "state": "passed",
              "speed": "fast",
              "pass": true,
              "fail": false,
              "pending": false,
              "context": null,
              "code": "cy.visit(\"/\");\ncy.get(\"#file-upload\").invoke('removeAttr', 'target').click({\n  force: true\n});\ncy.get(\"#myFile\").selectFile('cypress/fixtures/laptop.png');\ncy.get(\"#submit-button\").click();\ncy.on('window:alert', str => {\n  expect(str).to.equal(\"Your file has now been uploaded!\");\n});",
              "err": {},
              "uuid": "b5f7312e-9b49-4a9f-b47f-f76dabc1a247",
              "parentUUID": "b88421bd-aa5e-47f9-abb0-b0e9eaf4dff9",
              "isHook": false,
              "skipped": false
            },
            {
              "title": "Validate no file attached",
              "fullTitle": "Test file upload via webdriveruni Validate no file attached",
              "timedOut": null,
              "duration": 935,
              "state": "passed",
              "speed": "fast",
              "pass": true,
              "fail": false,
              "pending": false,
              "context": null,
              "code": "cy.visit(\"/\");\ncy.get(\"#file-upload\").invoke('removeAttr', 'target').click({\n  force: true\n});\ncy.get(\"#submit-button\").click();\ncy.on('window:alert', str => {\n  expect(str).to.equal(\"You need to select a file to upload!\");\n});",
              "err": {},
              "uuid": "760a45b5-e217-4da6-8d2c-bebef38dc159",
              "parentUUID": "b88421bd-aa5e-47f9-abb0-b0e9eaf4dff9",
              "isHook": false,
              "skipped": false
            }
          ],
          "suites": [],
          "passes": [
            "b5f7312e-9b49-4a9f-b47f-f76dabc1a247",
            "760a45b5-e217-4da6-8d2c-bebef38dc159"
          ],
          "failures": [],
          "pending": [],
          "skipped": [],
          "duration": 1942,
          "root": false,
          "rootEmpty": false,
          "_timeout": 2000
        }
      ],
      "passes": [],
      "failures": [],
      "pending": [],
      "skipped": [],
      "duration": 0,
      "root": true,
      "rootEmpty": true,
      "_timeout": 2000
    }
  ],
  "meta": {
    "mocha": {
      "version": "7.0.1"
    },
    "mochawesome": {
      "options": {
        "quiet": false,
        "reportFilename": "mochawesome",
        "saveHtml": false,
        "saveJson": true,
        "consoleReporter": "spec",
        "useInlineDiffs": false,
        "code": true
      },
      "version": "7.1.3"
    },
    "marge": {
      "options": {
        "id": "default",
        "reportDir": "cypress/results/mochawesome",
        "quite": true,
        "overwrite": false,
        "html": false,
        "json": true
      },
      "version": "6.2.0"
    }
  }
}