{
  "stats": {
    "suites": 1,
    "tests": 2,
    "passes": 2,
    "pending": 0,
    "failures": 0,
    "start": "2023-02-21T14:26:20.311Z",
    "end": "2023-02-21T14:26:26.308Z",
    "duration": 5997,
    "testsRegistered": 2,
    "passPercent": 100,
    "pendingPercent": 0,
    "other": 0,
    "hasOther": false,
    "skipped": 0,
    "hasSkipped": false
  },
  "results": [
    {
      "uuid": "4d785677-dcaf-4fe0-8b07-4fa46f57f106",
      "title": "",
      "fullFile": "cypress\\e2e\\webdriver-uni\\contact-us.js",
      "file": "cypress\\e2e\\webdriver-uni\\contact-us.js",
      "beforeHooks": [],
      "afterHooks": [],
      "tests": [],
      "suites": [
        {
          "uuid": "1b19176f-a16f-4782-abba-e057f85883a3",
          "title": "Test Contact Us form via WebdriverUni",
          "fullFile": "",
          "file": "",
          "beforeHooks": [],
          "afterHooks": [],
          "tests": [
            {
              "title": "Should be able to submit a successful submission via contact us form",
              "fullTitle": "Test Contact Us form via WebdriverUni Should be able to submit a successful submission via contact us form",
              "timedOut": null,
              "duration": 3706,
              "state": "passed",
              "speed": "fast",
              "pass": true,
              "fail": false,
              "pending": false,
              "context": null,
              "code": "cy.document().should('have.property', 'charset').and('eq', 'UTF-8');\ncy.title().should('include', 'WebDriver | Contact Us');\ncy.url().should('include', 'contactus');\ncontact_Us_PO.contactForm_Submission(Cypress.env(\"first_name\"), data.last_name, data.email, \"How can I learn cypress\", 'h1', 'Thank You for your Message!');",
              "err": {},
              "uuid": "48d8dca7-67e8-4f67-9023-59cfa4fc7569",
              "parentUUID": "1b19176f-a16f-4782-abba-e057f85883a3",
              "isHook": false,
              "skipped": false
            },
            {
              "title": "Should not be able to submit a successful submission via contact us form as all fields are required",
              "fullTitle": "Test Contact Us form via WebdriverUni Should not be able to submit a successful submission via contact us form as all fields are required",
              "timedOut": null,
              "duration": 2243,
              "state": "passed",
              "speed": "fast",
              "pass": true,
              "fail": false,
              "pending": false,
              "context": null,
              "code": "contact_Us_PO.contactForm_Submission(data.first_name, data.last_name, \" \", \"How can I learn cypress\", 'body', 'Error: Invalid email address');",
              "err": {},
              "uuid": "7bcfb293-b46d-4b31-b25e-c6f0dd72dc83",
              "parentUUID": "1b19176f-a16f-4782-abba-e057f85883a3",
              "isHook": false,
              "skipped": false
            }
          ],
          "suites": [],
          "passes": [
            "48d8dca7-67e8-4f67-9023-59cfa4fc7569",
            "7bcfb293-b46d-4b31-b25e-c6f0dd72dc83"
          ],
          "failures": [],
          "pending": [],
          "skipped": [],
          "duration": 5949,
          "root": false,
          "rootEmpty": false,
          "_timeout": 2000
        }
      ],
      "passes": [],
      "failures": [],
      "pending": [],
      "skipped": [],
      "duration": 0,
      "root": true,
      "rootEmpty": true,
      "_timeout": 2000
    }
  ],
  "meta": {
    "mocha": {
      "version": "7.0.1"
    },
    "mochawesome": {
      "options": {
        "quiet": false,
        "reportFilename": "mochawesome",
        "saveHtml": false,
        "saveJson": true,
        "consoleReporter": "spec",
        "useInlineDiffs": false,
        "code": true
      },
      "version": "7.1.3"
    },
    "marge": {
      "options": {
        "id": "default",
        "reportDir": "cypress/results/mochawesome",
        "quite": true,
        "overwrite": false,
        "html": false,
        "json": true
      },
      "version": "6.2.0"
    }
  }
}