{
  "stats": {
    "suites": 1,
    "tests": 1,
    "passes": 1,
    "pending": 0,
    "failures": 0,
    "start": "2023-02-21T14:26:31.640Z",
    "end": "2023-02-21T14:26:33.629Z",
    "duration": 1989,
    "testsRegistered": 1,
    "passPercent": 100,
    "pendingPercent": 0,
    "other": 0,
    "hasOther": false,
    "skipped": 0,
    "hasSkipped": false
  },
  "results": [
    {
      "uuid": "98a4d6af-7dc7-4c0a-8937-442ba6ec286b",
      "title": "",
      "fullFile": "cypress\\e2e\\webdriver-uni\\datepicker.js",
      "file": "cypress\\e2e\\webdriver-uni\\datepicker.js",
      "beforeHooks": [],
      "afterHooks": [],
      "tests": [],
      "suites": [
        {
          "uuid": "b98da6ee-a10f-4c68-8d79-fab063d4c17c",
          "title": "Test datepicker via webdriveruni",
          "fullFile": "",
          "file": "",
          "beforeHooks": [],
          "afterHooks": [],
          "tests": [
            {
              "title": "Select date from the datepicker",
              "fullTitle": "Test datepicker via webdriveruni Select date from the datepicker",
              "timedOut": null,
              "duration": 1961,
              "state": "passed",
              "speed": "fast",
              "pass": true,
              "fail": false,
              "pending": false,
              "context": null,
              "code": "cy.visit(\"/\");\ncy.get(\"#datepicker\").invoke('removeAttr', 'target').click({\n  force: true\n});\ncy.get(\"#datepicker\").click();\n// Examples\n// let date = new Date();\n// date.setDate(date.getDate()); \n// cy.log(date.getDate()); // get current date i.e 22\n// let date2 = new Date();\n// date2.setDate(date2.getDate() + 5);\n// cy.log(date2.getDate()); // get current date i.e 27\nvar date = new Date();\ndate.setDate(date.getDate() + 80);\nvar futureYear = date.getFullYear();\nvar futureMonth = date.toLocaleString(\"default\", {\n  month: \"long\"\n});\nvar futureDay = date.getDate();\ncy.log(\"Future year to select: \" + futureYear);\ncy.log(\"Future month to select: \" + futureMonth);\ncy.log(\"Future day to select: \" + futureDay);\nfunction selectMonthAndYear() {\n  cy.get(\".datepicker-dropdown\").find(\".datepicker-switch\").first().then(currentDate => {\n    if (!currentDate.text().includes(futureYear)) {\n      cy.get(\".next\").first().click();\n      selectMonthAndYear();\n    }\n  }).then(() => {\n    cy.get(\".datepicker-dropdown\").find(\".datepicker-switch\").first().then(currentDate => {\n      if (!currentDate.text().includes(futureMonth)) {\n        cy.get(\".next\").first().click();\n        selectMonthAndYear();\n      }\n    });\n  });\n}\nfunction selectFutureDay() {\n  cy.get(\"[class='day']\").contains(futureDay).click();\n}\nselectMonthAndYear();\nselectFutureDay();",
              "err": {},
              "uuid": "854ce1c0-b389-4654-ab2c-49bd76f2ab29",
              "parentUUID": "b98da6ee-a10f-4c68-8d79-fab063d4c17c",
              "isHook": false,
              "skipped": false
            }
          ],
          "suites": [],
          "passes": [
            "854ce1c0-b389-4654-ab2c-49bd76f2ab29"
          ],
          "failures": [],
          "pending": [],
          "skipped": [],
          "duration": 1961,
          "root": false,
          "rootEmpty": false,
          "_timeout": 2000
        }
      ],
      "passes": [],
      "failures": [],
      "pending": [],
      "skipped": [],
      "duration": 0,
      "root": true,
      "rootEmpty": true,
      "_timeout": 2000
    }
  ],
  "meta": {
    "mocha": {
      "version": "7.0.1"
    },
    "mochawesome": {
      "options": {
        "quiet": false,
        "reportFilename": "mochawesome",
        "saveHtml": false,
        "saveJson": true,
        "consoleReporter": "spec",
        "useInlineDiffs": false,
        "code": true
      },
      "version": "7.1.3"
    },
    "marge": {
      "options": {
        "id": "default",
        "reportDir": "cypress/results/mochawesome",
        "quite": true,
        "overwrite": false,
        "html": false,
        "json": true
      },
      "version": "6.2.0"
    }
  }
}